<?xml version="1.0" encoding="UTF-8"?>
<testsuite xmlns:xsi="http://www.w3.org/2001/XMLSchema-instance" xsi:noNamespaceSchemaLocation="https://maven.apache.org/surefire/maven-surefire-plugin/xsd/surefire-test-report.xsd" name="TestSuite" time="3.959" tests="28" errors="0" skipped="0" failures="8">
  <properties>
[...]
</properties>
  <testcase name="when_AlphabetOnlyIsEnteredAsID_Expect_415UnsupportedMediaType" classname="requests.SideServiceTest" time="0.968"/>
  <testcase name="when_AlphanumericValueIsEnteredAsID_Expect_404NotFound" classname="requests.SideServiceTest" time="0.02"/>
  <testcase name="when_BodyDataIsNotBase64Encoded_Expect_DataNotBase64Exception" classname="requests.SideServiceTest" time="0.392"/>
  <testcase name="when_BodyIsNotPassedInSideRequest_Expect_400BadRequest" classname="requests.SideServiceTest" time="0.04"/>
  <testcase name="when_EmptyStringIsEnteredAsID_Expect_404NotFound" classname="requests.SideServiceTest" time="0.015"/>
  <testcase name="when_EmptyStringIsPassedAsBody_Expect_400BadRequest" classname="requests.SideServiceTest" time="0.036">
    <failure message="1 expectation failed.&#10;Expected status code &lt;400&gt; but was &lt;200&gt;.&#10;" type="java.lang.AssertionError"><![CDATA[java.lang.AssertionError: 
1 expectation failed.
Expected status code <400> but was <200>.

	at requests.SideServiceTest.when_EmptyStringIsPassedAsBody_Expect_400BadRequest(SideServiceTest.java:403)
]]></failure>
  </testcase>
  <testcase name="when_EmptyStringIsPassedAsSide_Expect_SideNameNotSupportedException" classname="requests.SideServiceTest" time="0.013"/>
  <testcase name="when_LeftAndRightSideRequestsAreMadeWithSameID_Expect_AcceptedDataForLeftAndRight" classname="requests.SideServiceTest" time="0.036">
    <failure message="Failed to parse the JSON document" type="io.restassured.path.json.exception.JsonPathException">io.restassured.path.json.exception.JsonPathException: Failed to parse the JSON document
	at requests.SideServiceTest.when_LeftAndRightSideRequestsAreMadeWithSameID_Expect_AcceptedDataForLeftAndRight(SideServiceTest.java:473)
Caused by: java.lang.IllegalArgumentException: The JSON input text should neither be null nor empty.
	at requests.SideServiceTest.when_LeftAndRightSideRequestsAreMadeWithSameID_Expect_AcceptedDataForLeftAndRight(SideServiceTest.java:473)
</failure>
  </testcase>
  <testcase name="when_NegativeValueIsEnteredAsID_Expect_404NotFound" classname="requests.SideServiceTest" time="0.008">
    <failure message="1 expectation failed.&#10;Expected status code &lt;404&gt; but was &lt;200&gt;.&#10;" type="java.lang.AssertionError"><![CDATA[java.lang.AssertionError: 
1 expectation failed.
Expected status code <404> but was <200>.

	at requests.SideServiceTest.when_NegativeValueIsEnteredAsID_Expect_404NotFound(SideServiceTest.java:221)
]]></failure>
  </testcase>
  <testcase name="when_OnlyWhiteSpacesIsEnteredAsID_Expect_404NotFound" classname="requests.SideServiceTest" time="0.015">
    <failure message="1 expectation failed.&#10;Expected status code &lt;404&gt; but was &lt;200&gt;.&#10;" type="java.lang.AssertionError"><![CDATA[java.lang.AssertionError: 
1 expectation failed.
Expected status code <404> but was <200>.

	at requests.SideServiceTest.when_OnlyWhiteSpacesIsEnteredAsID_Expect_404NotFound(SideServiceTest.java:200)
]]></failure>
  </testcase>
  <testcase name="when_OnlyWhiteSpacesIsEnteredAsSide_Expect_SideNameNotSupportedException" classname="requests.SideServiceTest" time="0.025"/>
  <testcase name="when_SameSideRequestsAreMadeWithSameID_Expect_UpdatedData" classname="requests.SideServiceTest" time="0.04">
    <failure message="expected [RHJvcHBlZCBkb3du] but found [null]" type="java.lang.AssertionError">java.lang.AssertionError: expected [RHJvcHBlZCBkb3du] but found [null]
	at requests.SideServiceTest.when_SameSideRequestsAreMadeWithSameID_Expect_UpdatedData(SideServiceTest.java:505)
</failure>
  </testcase>
  <testcase name="when_SideRequestContentTypeIsHTML_Expect_415UnsupportedMediaType" classname="requests.SideServiceTest" time="0.014"/>
  <testcase name="when_SideRequestContentTypeIsText_Expect_415UnsupportedMediaType" classname="requests.SideServiceTest" time="0.024"/>
  <testcase name="when_SideRequestContentTypeIsXml_Expect_415UnsupportedMediaType" classname="requests.SideServiceTest" time="0.018"/>
  <testcase name="when_SideRequestHasNoContentType_Expect_415UnsupportedMediaType" classname="requests.SideServiceTest" time="0.013"/>
  <testcase name="when_SideRequestMethodIsPUT_Expect_405MethodNotAllowed" classname="requests.SideServiceTest" time="0.02"/>
  <testcase name="when_UpIsEnteredAsSide_Expect_SideNameNotSupportedException" classname="requests.SideServiceTest" time="0.036"/>
  <testcase name="when_ValidLeftSideRequestIsMade_Expect_AcceptedLeftSideBase64Data" classname="requests.SideServiceTest" time="0.035">
    <failure message="expected [MTIzNDU2Nzg5MDAw] but found [null]" type="java.lang.AssertionError">java.lang.AssertionError: expected [MTIzNDU2Nzg5MDAw] but found [null]
	at requests.SideServiceTest.when_ValidLeftSideRequestIsMade_Expect_AcceptedLeftSideBase64Data(SideServiceTest.java:437)
</failure>
  </testcase>
  <testcase name="when_ValidRightSideRequestIsMade_Expect_AcceptedRightSideBase64Data" classname="requests.SideServiceTest" time="0.017">
    <failure message="expected [MTIzNDVhYmNk] but found [null]" type="java.lang.AssertionError">java.lang.AssertionError: expected [MTIzNDVhYmNk] but found [null]
	at requests.SideServiceTest.when_ValidRightSideRequestIsMade_Expect_AcceptedRightSideBase64Data(SideServiceTest.java:453)
</failure>
  </testcase>
  <testcase name="when_DiffRequestIsDelete_Expect_405MethodNotAllowed" classname="requests.DifferServiceTest" time="0.087"/>
  <testcase name="when_EqualSidesAreDiffed_Expect_Equal" classname="requests.DifferServiceTest" time="0.429"/>
  <testcase name="when_IDThatIsNotInitializedIsDiffed_Expect_IDNotInitialized" classname="requests.DifferServiceTest" time="0"/>
  <testcase name="when_SidesAreDiffedAndLeftSideIsNull_Expect_DifferentLengthAndLeftHasNoValue" classname="requests.DifferServiceTest" time="0.003"/>
  <testcase name="when_SidesAreDiffedAndRightSideIsNull_Expect_DifferentLengthAndRightHasNoValue" classname="requests.DifferServiceTest" time="0">
    <failure message="1 expectation failed.&#10;Expected status code &lt;200&gt; but was &lt;204&gt;.&#10;" type="java.lang.AssertionError"><![CDATA[java.lang.AssertionError: 
1 expectation failed.
Expected status code <200> but was <204>.

	at requests.DifferServiceTest.when_SidesAreDiffedAndRightSideIsNull_Expect_DifferentLengthAndRightHasNoValue(DifferServiceTest.java:94)
]]></failure>
  </testcase>
  <testcase name="when_SidesOfDifferentLengthsAreDiffed_Expect_DifferentLength" classname="requests.DifferServiceTest" time="0.004"/>
  <testcase name="when_SidesOfSameLengthButDifferentCharactersAreDiffed_Expect_PositionOfDifferentCharacters" classname="requests.DifferServiceTest" time="0.003"/>
  <testcase name="when_SidesOfSameLengthButDifferentSuccessiveCharactersAreDiffed_Expect_RangedPositionOfDifferentCharacters" classname="requests.DifferServiceTest" time="0.003"/>
</testsuite>