<?xml version="1.0" encoding="UTF-8"?>
<testng-results skipped="0" failed="4" ignored="0" total="28" passed="24">
  <reporter-output>
  </reporter-output>
  <suite name="Differ Regression Test Suite" duration-ms="3329" started-at="2018-11-26T18:38:40Z" finished-at="2018-11-26T18:38:43Z">
    <groups>
    </groups>
    <test name="Differ Regression Tests" duration-ms="3329" started-at="2018-11-26T18:38:40Z" finished-at="2018-11-26T18:38:43Z">
      <class name="requests.DifferServiceTest">
        <test-method status="PASS" signature="setBaseURI()[pri:0, instance:requests.DifferServiceTest@62043840]" name="setBaseURI" is-config="true" duration-ms="347" started-at="2018-11-26T18:38:40Z" finished-at="2018-11-26T18:38:40Z">
          <reporter-output>
          </reporter-output>
        </test-method> <!-- setBaseURI -->
        <test-method status="PASS" signature="setBaseURI()[pri:0, instance:requests.SideServiceTest@246ae04d]" name="setBaseURI" is-config="true" duration-ms="1" started-at="2018-11-26T18:38:40Z" finished-at="2018-11-26T18:38:40Z">
          <reporter-output>
          </reporter-output>
        </test-method> <!-- setBaseURI -->
        <test-method status="PASS" signature="when_DiffRequestIsDelete_Expect_405MethodNotAllowed()[pri:0, instance:requests.DifferServiceTest@62043840]" name="when_DiffRequestIsDelete_Expect_405MethodNotAllowed" duration-ms="49" started-at="2018-11-26T18:38:43Z" finished-at="2018-11-26T18:38:43Z">
          <reporter-output>
          </reporter-output>
        </test-method> <!-- when_DiffRequestIsDelete_Expect_405MethodNotAllowed -->
        <test-method status="PASS" signature="uniqueIDForEachMethod()[pri:0, instance:requests.DifferServiceTest@62043840]" name="uniqueIDForEachMethod" is-config="true" duration-ms="0" started-at="2018-11-26T18:38:43Z" finished-at="2018-11-26T18:38:43Z">
          <reporter-output>
          </reporter-output>
        </test-method> <!-- uniqueIDForEachMethod -->
        <test-method status="PASS" signature="uniqueIDForEachMethod()[pri:0, instance:requests.DifferServiceTest@62043840]" name="uniqueIDForEachMethod" is-config="true" duration-ms="1" started-at="2018-11-26T18:38:43Z" finished-at="2018-11-26T18:38:43Z">
          <reporter-output>
          </reporter-output>
        </test-method> <!-- uniqueIDForEachMethod -->
        <test-method status="PASS" signature="when_EqualSidesAreDiffed_Expect_Equal()[pri:0, instance:requests.DifferServiceTest@62043840]" name="when_EqualSidesAreDiffed_Expect_Equal" duration-ms="127" started-at="2018-11-26T18:38:43Z" finished-at="2018-11-26T18:38:43Z">
          <reporter-output>
          </reporter-output>
        </test-method> <!-- when_EqualSidesAreDiffed_Expect_Equal -->
        <test-method status="PASS" signature="uniqueIDForEachMethod()[pri:0, instance:requests.DifferServiceTest@62043840]" name="uniqueIDForEachMethod" is-config="true" duration-ms="0" started-at="2018-11-26T18:38:43Z" finished-at="2018-11-26T18:38:43Z">
          <reporter-output>
          </reporter-output>
        </test-method> <!-- uniqueIDForEachMethod -->
        <test-method status="PASS" signature="when_IDThatIsNotInitializedIsDiffed_Expect_IDNotInitialized()[pri:0, instance:requests.DifferServiceTest@62043840]" name="when_IDThatIsNotInitializedIsDiffed_Expect_IDNotInitialized" duration-ms="33" started-at="2018-11-26T18:38:43Z" finished-at="2018-11-26T18:38:43Z">
          <reporter-output>
          </reporter-output>
        </test-method> <!-- when_IDThatIsNotInitializedIsDiffed_Expect_IDNotInitialized -->
        <test-method status="PASS" signature="uniqueIDForEachMethod()[pri:0, instance:requests.DifferServiceTest@62043840]" name="uniqueIDForEachMethod" is-config="true" duration-ms="0" started-at="2018-11-26T18:38:43Z" finished-at="2018-11-26T18:38:43Z">
          <reporter-output>
          </reporter-output>
        </test-method> <!-- uniqueIDForEachMethod -->
        <test-method status="PASS" signature="when_SidesAreDiffedAndLeftSideIsNull_Expect_DifferentLengthAndLeftHasNoValue()[pri:0, instance:requests.DifferServiceTest@62043840]" name="when_SidesAreDiffedAndLeftSideIsNull_Expect_DifferentLengthAndLeftHasNoValue" duration-ms="50" started-at="2018-11-26T18:38:43Z" finished-at="2018-11-26T18:38:43Z">
          <reporter-output>
          </reporter-output>
        </test-method> <!-- when_SidesAreDiffedAndLeftSideIsNull_Expect_DifferentLengthAndLeftHasNoValue -->
        <test-method status="FAIL" signature="when_SidesAreDiffedAndRightSideIsNull_Expect_DifferentLengthAndRightHasNoValue()[pri:0, instance:requests.DifferServiceTest@62043840]" name="when_SidesAreDiffedAndRightSideIsNull_Expect_DifferentLengthAndRightHasNoValue" duration-ms="21" started-at="2018-11-26T18:38:43Z" finished-at="2018-11-26T18:38:43Z">
          <exception class="java.lang.AssertionError">
            <message>
              <![CDATA[1 expectation failed.
Expected status code <200> but was <204>.
]]>
            </message>
            <full-stacktrace>
              <![CDATA[java.lang.AssertionError: 1 expectation failed.
Expected status code <200> but was <204>.

at sun.reflect.NativeConstructorAccessorImpl.newInstance0(Native Method)
at sun.reflect.NativeConstructorAccessorImpl.newInstance(NativeConstructorAccessorImpl.java:62)
at sun.reflect.DelegatingConstructorAccessorImpl.newInstance(DelegatingConstructorAccessorImpl.java:45)
at java.lang.reflect.Constructor.newInstance(Constructor.java:423)
at org.codehaus.groovy.reflection.CachedConstructor.invoke(CachedConstructor.java:83)
at org.codehaus.groovy.reflection.CachedConstructor.doConstructorInvoke(CachedConstructor.java:77)
at org.codehaus.groovy.runtime.callsite.ConstructorSite$ConstructorSiteNoUnwrap.callConstructor(ConstructorSite.java:84)
at org.codehaus.groovy.runtime.callsite.AbstractCallSite.callConstructor(AbstractCallSite.java:247)
at io.restassured.internal.ResponseSpecificationImpl$HamcrestAssertionClosure.validate(ResponseSpecificationImpl.groovy:483)
at io.restassured.internal.ResponseSpecificationImpl$HamcrestAssertionClosure$validate$1.call(Unknown Source)
at io.restassured.internal.ResponseSpecificationImpl.validateResponseIfRequired(ResponseSpecificationImpl.groovy:655)
at sun.reflect.GeneratedMethodAccessor67.invoke(Unknown Source)
at sun.reflect.DelegatingMethodAccessorImpl.invoke(DelegatingMethodAccessorImpl.java:43)
at java.lang.reflect.Method.invoke(Method.java:498)
at org.codehaus.groovy.runtime.callsite.PogoMetaMethodSite$PogoCachedMethodSiteNoUnwrapNoCoerce.invoke(PogoMetaMethodSite.java:210)
at org.codehaus.groovy.runtime.callsite.PogoMetaMethodSite.callCurrent(PogoMetaMethodSite.java:59)
at org.codehaus.groovy.runtime.callsite.AbstractCallSite.callCurrent(AbstractCallSite.java:166)
at io.restassured.internal.ResponseSpecificationImpl.statusCode(ResponseSpecificationImpl.groovy:123)
at io.restassured.specification.ResponseSpecification$statusCode$0.callCurrent(Unknown Source)
at io.restassured.internal.ResponseSpecificationImpl.statusCode(ResponseSpecificationImpl.groovy:131)
at io.restassured.internal.ValidatableResponseOptionsImpl.statusCode(ValidatableResponseOptionsImpl.java:119)
at utilities.TestUtililities.differentiateSides(TestUtililities.java:105)
at requests.DifferServiceTest.when_SidesAreDiffedAndRightSideIsNull_Expect_DifferentLengthAndRightHasNoValue(DifferServiceTest.java:94)
at sun.reflect.NativeMethodAccessorImpl.invoke0(Native Method)
at sun.reflect.NativeMethodAccessorImpl.invoke(NativeMethodAccessorImpl.java:62)
at sun.reflect.DelegatingMethodAccessorImpl.invoke(DelegatingMethodAccessorImpl.java:43)
at java.lang.reflect.Method.invoke(Method.java:498)
at org.testng.internal.MethodInvocationHelper.invokeMethod(MethodInvocationHelper.java:124)
at org.testng.internal.Invoker.invokeMethod(Invoker.java:583)
at org.testng.internal.Invoker.invokeTestMethod(Invoker.java:719)
at org.testng.internal.Invoker.invokeTestMethods(Invoker.java:989)
at org.testng.internal.TestMethodWorker.invokeTestMethods(TestMethodWorker.java:125)
at org.testng.internal.TestMethodWorker.run(TestMethodWorker.java:109)
at org.testng.TestRunner.privateRun(TestRunner.java:648)
at org.testng.TestRunner.run(TestRunner.java:505)
at org.testng.SuiteRunner.runTest(SuiteRunner.java:455)
at org.testng.SuiteRunner.runSequentially(SuiteRunner.java:450)
at org.testng.SuiteRunner.privateRun(SuiteRunner.java:415)
at org.testng.SuiteRunner.run(SuiteRunner.java:364)
at org.testng.SuiteRunnerWorker.runSuite(SuiteRunnerWorker.java:52)
at org.testng.SuiteRunnerWorker.run(SuiteRunnerWorker.java:84)
at org.testng.TestNG.runSuitesSequentially(TestNG.java:1208)
at org.testng.TestNG.runSuitesLocally(TestNG.java:1137)
at org.testng.TestNG.runSuites(TestNG.java:1049)
at org.testng.TestNG.run(TestNG.java:1017)
at org.apache.maven.surefire.testng.TestNGExecutor.run(TestNGExecutor.java:283)
at org.apache.maven.surefire.testng.TestNGXmlTestSuite.execute(TestNGXmlTestSuite.java:75)
at org.apache.maven.surefire.testng.TestNGProvider.invoke(TestNGProvider.java:120)
at org.apache.maven.surefire.booter.ForkedBooter.invokeProviderInSameClassLoader(ForkedBooter.java:383)
at org.apache.maven.surefire.booter.ForkedBooter.runSuitesInProcess(ForkedBooter.java:344)
at org.apache.maven.surefire.booter.ForkedBooter.execute(ForkedBooter.java:125)
at org.apache.maven.surefire.booter.ForkedBooter.main(ForkedBooter.java:417)
]]>
            </full-stacktrace>
          </exception> <!-- java.lang.AssertionError -->
          <reporter-output>
          </reporter-output>
        </test-method> <!-- when_SidesAreDiffedAndRightSideIsNull_Expect_DifferentLengthAndRightHasNoValue -->
        <test-method status="PASS" signature="uniqueIDForEachMethod()[pri:0, instance:requests.DifferServiceTest@62043840]" name="uniqueIDForEachMethod" is-config="true" duration-ms="0" started-at="2018-11-26T18:38:43Z" finished-at="2018-11-26T18:38:43Z">
          <reporter-output>
          </reporter-output>
        </test-method> <!-- uniqueIDForEachMethod -->
        <test-method status="PASS" signature="when_SidesOfDifferentLengthsAreDiffed_Expect_DifferentLength()[pri:0, instance:requests.DifferServiceTest@62043840]" name="when_SidesOfDifferentLengthsAreDiffed_Expect_DifferentLength" duration-ms="32" started-at="2018-11-26T18:38:43Z" finished-at="2018-11-26T18:38:43Z">
          <reporter-output>
          </reporter-output>
        </test-method> <!-- when_SidesOfDifferentLengthsAreDiffed_Expect_DifferentLength -->
        <test-method status="PASS" signature="uniqueIDForEachMethod()[pri:0, instance:requests.DifferServiceTest@62043840]" name="uniqueIDForEachMethod" is-config="true" duration-ms="0" started-at="2018-11-26T18:38:43Z" finished-at="2018-11-26T18:38:43Z">
          <reporter-output>
          </reporter-output>
        </test-method> <!-- uniqueIDForEachMethod -->
        <test-method status="PASS" signature="when_SidesOfSameLengthButDifferentCharactersAreDiffed_Expect_PositionOfDifferentCharacters()[pri:0, instance:requests.DifferServiceTest@62043840]" name="when_SidesOfSameLengthButDifferentCharactersAreDiffed_Expect_PositionOfDifferentCharacters" duration-ms="41" started-at="2018-11-26T18:38:43Z" finished-at="2018-11-26T18:38:43Z">
          <reporter-output>
          </reporter-output>
        </test-method> <!-- when_SidesOfSameLengthButDifferentCharactersAreDiffed_Expect_PositionOfDifferentCharacters -->
        <test-method status="PASS" signature="uniqueIDForEachMethod()[pri:0, instance:requests.DifferServiceTest@62043840]" name="uniqueIDForEachMethod" is-config="true" duration-ms="0" started-at="2018-11-26T18:38:43Z" finished-at="2018-11-26T18:38:43Z">
          <reporter-output>
          </reporter-output>
        </test-method> <!-- uniqueIDForEachMethod -->
        <test-method status="PASS" signature="uniqueIDForEachMethod()[pri:0, instance:requests.DifferServiceTest@62043840]" name="uniqueIDForEachMethod" is-config="true" duration-ms="1" started-at="2018-11-26T18:38:43Z" finished-at="2018-11-26T18:38:43Z">
          <reporter-output>
          </reporter-output>
        </test-method> <!-- uniqueIDForEachMethod -->
        <test-method status="PASS" signature="when_SidesOfSameLengthButDifferentSuccessiveCharactersAreDiffed_Expect_RangedPositionOfDifferentCharacters()[pri:0, instance:requests.DifferServiceTest@62043840]" name="when_SidesOfSameLengthButDifferentSuccessiveCharactersAreDiffed_Expect_RangedPositionOfDifferentCharacters" duration-ms="77" started-at="2018-11-26T18:38:43Z" finished-at="2018-11-26T18:38:43Z">
          <reporter-output>
          </reporter-output>
        </test-method> <!-- when_SidesOfSameLengthButDifferentSuccessiveCharactersAreDiffed_Expect_RangedPositionOfDifferentCharacters -->
      </class> <!-- requests.DifferServiceTest -->
      <class name="requests.SideServiceTest">
        <test-method status="PASS" signature="when_AlphabetOnlyIsEnteredAsID_Expect_415UnsupportedMediaType()[pri:0, instance:requests.SideServiceTest@246ae04d]" name="when_AlphabetOnlyIsEnteredAsID_Expect_415UnsupportedMediaType" duration-ms="1378" started-at="2018-11-26T18:38:40Z" finished-at="2018-11-26T18:38:42Z">
          <reporter-output>
          </reporter-output>
        </test-method> <!-- when_AlphabetOnlyIsEnteredAsID_Expect_415UnsupportedMediaType -->
        <test-method status="PASS" signature="when_AlphanumericValueIsEnteredAsID_Expect_404NotFound()[pri:0, instance:requests.SideServiceTest@246ae04d]" name="when_AlphanumericValueIsEnteredAsID_Expect_404NotFound" duration-ms="21" started-at="2018-11-26T18:38:42Z" finished-at="2018-11-26T18:38:42Z">
          <reporter-output>
          </reporter-output>
        </test-method> <!-- when_AlphanumericValueIsEnteredAsID_Expect_404NotFound -->
        <test-method status="PASS" signature="when_BodyDataIsNotBase64Encoded_Expect_DataNotBase64Exception()[pri:0, instance:requests.SideServiceTest@246ae04d]" name="when_BodyDataIsNotBase64Encoded_Expect_DataNotBase64Exception" duration-ms="667" started-at="2018-11-26T18:38:42Z" finished-at="2018-11-26T18:38:42Z">
          <reporter-output>
          </reporter-output>
        </test-method> <!-- when_BodyDataIsNotBase64Encoded_Expect_DataNotBase64Exception -->
        <test-method status="PASS" signature="when_BodyIsNotPassedInSideRequest_Expect_400BadRequest()[pri:0, instance:requests.SideServiceTest@246ae04d]" name="when_BodyIsNotPassedInSideRequest_Expect_400BadRequest" duration-ms="43" started-at="2018-11-26T18:38:42Z" finished-at="2018-11-26T18:38:42Z">
          <reporter-output>
          </reporter-output>
        </test-method> <!-- when_BodyIsNotPassedInSideRequest_Expect_400BadRequest -->
        <test-method status="PASS" signature="when_EmptyStringIsEnteredAsID_Expect_404NotFound()[pri:0, instance:requests.SideServiceTest@246ae04d]" name="when_EmptyStringIsEnteredAsID_Expect_404NotFound" duration-ms="16" started-at="2018-11-26T18:38:42Z" finished-at="2018-11-26T18:38:42Z">
          <reporter-output>
          </reporter-output>
        </test-method> <!-- when_EmptyStringIsEnteredAsID_Expect_404NotFound -->
        <test-method status="FAIL" signature="when_EmptyStringIsPassedAsBody_Expect_400BadRequest()[pri:0, instance:requests.SideServiceTest@246ae04d]" name="when_EmptyStringIsPassedAsBody_Expect_400BadRequest" duration-ms="56" started-at="2018-11-26T18:38:42Z" finished-at="2018-11-26T18:38:42Z">
          <exception class="java.lang.AssertionError">
            <message>
              <![CDATA[1 expectation failed.
Expected status code <400> but was <200>.
]]>
            </message>
            <full-stacktrace>
              <![CDATA[java.lang.AssertionError: 1 expectation failed.
Expected status code <400> but was <200>.

at sun.reflect.NativeConstructorAccessorImpl.newInstance0(Native Method)
at sun.reflect.NativeConstructorAccessorImpl.newInstance(NativeConstructorAccessorImpl.java:62)
at sun.reflect.DelegatingConstructorAccessorImpl.newInstance(DelegatingConstructorAccessorImpl.java:45)
at java.lang.reflect.Constructor.newInstance(Constructor.java:423)
at org.codehaus.groovy.reflection.CachedConstructor.invoke(CachedConstructor.java:83)
at org.codehaus.groovy.reflection.CachedConstructor.doConstructorInvoke(CachedConstructor.java:77)
at org.codehaus.groovy.runtime.callsite.ConstructorSite$ConstructorSiteNoUnwrap.callConstructor(ConstructorSite.java:84)
at org.codehaus.groovy.runtime.callsite.CallSiteArray.defaultCallConstructor(CallSiteArray.java:60)
at org.codehaus.groovy.runtime.callsite.AbstractCallSite.callConstructor(AbstractCallSite.java:235)
at org.codehaus.groovy.runtime.callsite.AbstractCallSite.callConstructor(AbstractCallSite.java:247)
at io.restassured.internal.ResponseSpecificationImpl$HamcrestAssertionClosure.validate(ResponseSpecificationImpl.groovy:483)
at io.restassured.internal.ResponseSpecificationImpl$HamcrestAssertionClosure$validate$1.call(Unknown Source)
at io.restassured.internal.ResponseSpecificationImpl.validateResponseIfRequired(ResponseSpecificationImpl.groovy:655)
at sun.reflect.NativeMethodAccessorImpl.invoke0(Native Method)
at sun.reflect.NativeMethodAccessorImpl.invoke(NativeMethodAccessorImpl.java:62)
at sun.reflect.DelegatingMethodAccessorImpl.invoke(DelegatingMethodAccessorImpl.java:43)
at java.lang.reflect.Method.invoke(Method.java:498)
at org.codehaus.groovy.runtime.callsite.PogoMetaMethodSite$PogoCachedMethodSiteNoUnwrapNoCoerce.invoke(PogoMetaMethodSite.java:210)
at org.codehaus.groovy.runtime.callsite.PogoMetaMethodSite.callCurrent(PogoMetaMethodSite.java:59)
at org.codehaus.groovy.runtime.callsite.AbstractCallSite.callCurrent(AbstractCallSite.java:166)
at io.restassured.internal.ResponseSpecificationImpl.statusCode(ResponseSpecificationImpl.groovy:123)
at io.restassured.specification.ResponseSpecification$statusCode$0.callCurrent(Unknown Source)
at io.restassured.internal.ResponseSpecificationImpl.statusCode(ResponseSpecificationImpl.groovy:131)
at io.restassured.internal.ValidatableResponseOptionsImpl.statusCode(ValidatableResponseOptionsImpl.java:119)
at requests.SideServiceTest.when_EmptyStringIsPassedAsBody_Expect_400BadRequest(SideServiceTest.java:388)
at sun.reflect.NativeMethodAccessorImpl.invoke0(Native Method)
at sun.reflect.NativeMethodAccessorImpl.invoke(NativeMethodAccessorImpl.java:62)
at sun.reflect.DelegatingMethodAccessorImpl.invoke(DelegatingMethodAccessorImpl.java:43)
at java.lang.reflect.Method.invoke(Method.java:498)
at org.testng.internal.MethodInvocationHelper.invokeMethod(MethodInvocationHelper.java:124)
at org.testng.internal.Invoker.invokeMethod(Invoker.java:583)
at org.testng.internal.Invoker.invokeTestMethod(Invoker.java:719)
at org.testng.internal.Invoker.invokeTestMethods(Invoker.java:989)
at org.testng.internal.TestMethodWorker.invokeTestMethods(TestMethodWorker.java:125)
at org.testng.internal.TestMethodWorker.run(TestMethodWorker.java:109)
at org.testng.TestRunner.privateRun(TestRunner.java:648)
at org.testng.TestRunner.run(TestRunner.java:505)
at org.testng.SuiteRunner.runTest(SuiteRunner.java:455)
at org.testng.SuiteRunner.runSequentially(SuiteRunner.java:450)
at org.testng.SuiteRunner.privateRun(SuiteRunner.java:415)
at org.testng.SuiteRunner.run(SuiteRunner.java:364)
at org.testng.SuiteRunnerWorker.runSuite(SuiteRunnerWorker.java:52)
at org.testng.SuiteRunnerWorker.run(SuiteRunnerWorker.java:84)
at org.testng.TestNG.runSuitesSequentially(TestNG.java:1208)
at org.testng.TestNG.runSuitesLocally(TestNG.java:1137)
at org.testng.TestNG.runSuites(TestNG.java:1049)
at org.testng.TestNG.run(TestNG.java:1017)
at org.apache.maven.surefire.testng.TestNGExecutor.run(TestNGExecutor.java:283)
at org.apache.maven.surefire.testng.TestNGXmlTestSuite.execute(TestNGXmlTestSuite.java:75)
at org.apache.maven.surefire.testng.TestNGProvider.invoke(TestNGProvider.java:120)
at org.apache.maven.surefire.booter.ForkedBooter.invokeProviderInSameClassLoader(ForkedBooter.java:383)
at org.apache.maven.surefire.booter.ForkedBooter.runSuitesInProcess(ForkedBooter.java:344)
at org.apache.maven.surefire.booter.ForkedBooter.execute(ForkedBooter.java:125)
at org.apache.maven.surefire.booter.ForkedBooter.main(ForkedBooter.java:417)
]]>
            </full-stacktrace>
          </exception> <!-- java.lang.AssertionError -->
          <reporter-output>
          </reporter-output>
        </test-method> <!-- when_EmptyStringIsPassedAsBody_Expect_400BadRequest -->
        <test-method status="PASS" signature="when_EmptyStringIsPassedAsSide_Expect_SideNameNotSupportedException()[pri:0, instance:requests.SideServiceTest@246ae04d]" name="when_EmptyStringIsPassedAsSide_Expect_SideNameNotSupportedException" duration-ms="22" started-at="2018-11-26T18:38:42Z" finished-at="2018-11-26T18:38:42Z">
          <reporter-output>
          </reporter-output>
        </test-method> <!-- when_EmptyStringIsPassedAsSide_Expect_SideNameNotSupportedException -->
        <test-method status="PASS" signature="when_LeftAndRightSideRequestsAreMadeWithSameID_Expect_AcceptedDataForLeftAndRight()[pri:0, instance:requests.SideServiceTest@246ae04d]" name="when_LeftAndRightSideRequestsAreMadeWithSameID_Expect_AcceptedDataForLeftAndRight" duration-ms="76" started-at="2018-11-26T18:38:42Z" finished-at="2018-11-26T18:38:42Z">
          <reporter-output>
          </reporter-output>
        </test-method> <!-- when_LeftAndRightSideRequestsAreMadeWithSameID_Expect_AcceptedDataForLeftAndRight -->
        <test-method status="FAIL" signature="when_NegativeValueIsEnteredAsID_Expect_404NotFound()[pri:0, instance:requests.SideServiceTest@246ae04d]" name="when_NegativeValueIsEnteredAsID_Expect_404NotFound" duration-ms="14" started-at="2018-11-26T18:38:42Z" finished-at="2018-11-26T18:38:42Z">
          <exception class="java.lang.AssertionError">
            <message>
              <![CDATA[1 expectation failed.
Expected status code <404> but was <200>.
]]>
            </message>
            <full-stacktrace>
              <![CDATA[java.lang.AssertionError: 1 expectation failed.
Expected status code <404> but was <200>.

at sun.reflect.NativeConstructorAccessorImpl.newInstance0(Native Method)
at sun.reflect.NativeConstructorAccessorImpl.newInstance(NativeConstructorAccessorImpl.java:62)
at sun.reflect.DelegatingConstructorAccessorImpl.newInstance(DelegatingConstructorAccessorImpl.java:45)
at java.lang.reflect.Constructor.newInstance(Constructor.java:423)
at org.codehaus.groovy.reflection.CachedConstructor.invoke(CachedConstructor.java:83)
at org.codehaus.groovy.reflection.CachedConstructor.doConstructorInvoke(CachedConstructor.java:77)
at org.codehaus.groovy.runtime.callsite.ConstructorSite$ConstructorSiteNoUnwrap.callConstructor(ConstructorSite.java:84)
at org.codehaus.groovy.runtime.callsite.AbstractCallSite.callConstructor(AbstractCallSite.java:247)
at io.restassured.internal.ResponseSpecificationImpl$HamcrestAssertionClosure.validate(ResponseSpecificationImpl.groovy:483)
at io.restassured.internal.ResponseSpecificationImpl$HamcrestAssertionClosure$validate$1.call(Unknown Source)
at io.restassured.internal.ResponseSpecificationImpl.validateResponseIfRequired(ResponseSpecificationImpl.groovy:655)
at sun.reflect.NativeMethodAccessorImpl.invoke0(Native Method)
at sun.reflect.NativeMethodAccessorImpl.invoke(NativeMethodAccessorImpl.java:62)
at sun.reflect.DelegatingMethodAccessorImpl.invoke(DelegatingMethodAccessorImpl.java:43)
at java.lang.reflect.Method.invoke(Method.java:498)
at org.codehaus.groovy.runtime.callsite.PogoMetaMethodSite$PogoCachedMethodSiteNoUnwrapNoCoerce.invoke(PogoMetaMethodSite.java:210)
at org.codehaus.groovy.runtime.callsite.PogoMetaMethodSite.callCurrent(PogoMetaMethodSite.java:59)
at org.codehaus.groovy.runtime.callsite.AbstractCallSite.callCurrent(AbstractCallSite.java:166)
at io.restassured.internal.ResponseSpecificationImpl.statusCode(ResponseSpecificationImpl.groovy:123)
at io.restassured.specification.ResponseSpecification$statusCode$0.callCurrent(Unknown Source)
at io.restassured.internal.ResponseSpecificationImpl.statusCode(ResponseSpecificationImpl.groovy:131)
at io.restassured.internal.ValidatableResponseOptionsImpl.statusCode(ValidatableResponseOptionsImpl.java:119)
at requests.SideServiceTest.when_NegativeValueIsEnteredAsID_Expect_404NotFound(SideServiceTest.java:206)
at sun.reflect.NativeMethodAccessorImpl.invoke0(Native Method)
at sun.reflect.NativeMethodAccessorImpl.invoke(NativeMethodAccessorImpl.java:62)
at sun.reflect.DelegatingMethodAccessorImpl.invoke(DelegatingMethodAccessorImpl.java:43)
at java.lang.reflect.Method.invoke(Method.java:498)
at org.testng.internal.MethodInvocationHelper.invokeMethod(MethodInvocationHelper.java:124)
at org.testng.internal.Invoker.invokeMethod(Invoker.java:583)
at org.testng.internal.Invoker.invokeTestMethod(Invoker.java:719)
at org.testng.internal.Invoker.invokeTestMethods(Invoker.java:989)
at org.testng.internal.TestMethodWorker.invokeTestMethods(TestMethodWorker.java:125)
at org.testng.internal.TestMethodWorker.run(TestMethodWorker.java:109)
at org.testng.TestRunner.privateRun(TestRunner.java:648)
at org.testng.TestRunner.run(TestRunner.java:505)
at org.testng.SuiteRunner.runTest(SuiteRunner.java:455)
at org.testng.SuiteRunner.runSequentially(SuiteRunner.java:450)
at org.testng.SuiteRunner.privateRun(SuiteRunner.java:415)
at org.testng.SuiteRunner.run(SuiteRunner.java:364)
at org.testng.SuiteRunnerWorker.runSuite(SuiteRunnerWorker.java:52)
at org.testng.SuiteRunnerWorker.run(SuiteRunnerWorker.java:84)
at org.testng.TestNG.runSuitesSequentially(TestNG.java:1208)
at org.testng.TestNG.runSuitesLocally(TestNG.java:1137)
at org.testng.TestNG.runSuites(TestNG.java:1049)
at org.testng.TestNG.run(TestNG.java:1017)
at org.apache.maven.surefire.testng.TestNGExecutor.run(TestNGExecutor.java:283)
at org.apache.maven.surefire.testng.TestNGXmlTestSuite.execute(TestNGXmlTestSuite.java:75)
at org.apache.maven.surefire.testng.TestNGProvider.invoke(TestNGProvider.java:120)
at org.apache.maven.surefire.booter.ForkedBooter.invokeProviderInSameClassLoader(ForkedBooter.java:383)
at org.apache.maven.surefire.booter.ForkedBooter.runSuitesInProcess(ForkedBooter.java:344)
at org.apache.maven.surefire.booter.ForkedBooter.execute(ForkedBooter.java:125)
at org.apache.maven.surefire.booter.ForkedBooter.main(ForkedBooter.java:417)
]]>
            </full-stacktrace>
          </exception> <!-- java.lang.AssertionError -->
          <reporter-output>
          </reporter-output>
        </test-method> <!-- when_NegativeValueIsEnteredAsID_Expect_404NotFound -->
        <test-method status="FAIL" signature="when_OnlyWhiteSpacesIsEnteredAsID_Expect_404NotFound()[pri:0, instance:requests.SideServiceTest@246ae04d]" name="when_OnlyWhiteSpacesIsEnteredAsID_Expect_404NotFound" duration-ms="14" started-at="2018-11-26T18:38:42Z" finished-at="2018-11-26T18:38:42Z">
          <exception class="java.lang.AssertionError">
            <message>
              <![CDATA[1 expectation failed.
Expected status code <404> but was <200>.
]]>
            </message>
            <full-stacktrace>
              <![CDATA[java.lang.AssertionError: 1 expectation failed.
Expected status code <404> but was <200>.

at sun.reflect.NativeConstructorAccessorImpl.newInstance0(Native Method)
at sun.reflect.NativeConstructorAccessorImpl.newInstance(NativeConstructorAccessorImpl.java:62)
at sun.reflect.DelegatingConstructorAccessorImpl.newInstance(DelegatingConstructorAccessorImpl.java:45)
at java.lang.reflect.Constructor.newInstance(Constructor.java:423)
at org.codehaus.groovy.reflection.CachedConstructor.invoke(CachedConstructor.java:83)
at org.codehaus.groovy.reflection.CachedConstructor.doConstructorInvoke(CachedConstructor.java:77)
at org.codehaus.groovy.runtime.callsite.ConstructorSite$ConstructorSiteNoUnwrap.callConstructor(ConstructorSite.java:84)
at org.codehaus.groovy.runtime.callsite.AbstractCallSite.callConstructor(AbstractCallSite.java:247)
at io.restassured.internal.ResponseSpecificationImpl$HamcrestAssertionClosure.validate(ResponseSpecificationImpl.groovy:483)
at io.restassured.internal.ResponseSpecificationImpl$HamcrestAssertionClosure$validate$1.call(Unknown Source)
at io.restassured.internal.ResponseSpecificationImpl.validateResponseIfRequired(ResponseSpecificationImpl.groovy:655)
at sun.reflect.NativeMethodAccessorImpl.invoke0(Native Method)
at sun.reflect.NativeMethodAccessorImpl.invoke(NativeMethodAccessorImpl.java:62)
at sun.reflect.DelegatingMethodAccessorImpl.invoke(DelegatingMethodAccessorImpl.java:43)
at java.lang.reflect.Method.invoke(Method.java:498)
at org.codehaus.groovy.runtime.callsite.PogoMetaMethodSite$PogoCachedMethodSiteNoUnwrapNoCoerce.invoke(PogoMetaMethodSite.java:210)
at org.codehaus.groovy.runtime.callsite.PogoMetaMethodSite.callCurrent(PogoMetaMethodSite.java:59)
at org.codehaus.groovy.runtime.callsite.AbstractCallSite.callCurrent(AbstractCallSite.java:166)
at io.restassured.internal.ResponseSpecificationImpl.statusCode(ResponseSpecificationImpl.groovy:123)
at io.restassured.specification.ResponseSpecification$statusCode$0.callCurrent(Unknown Source)
at io.restassured.internal.ResponseSpecificationImpl.statusCode(ResponseSpecificationImpl.groovy:131)
at io.restassured.internal.ValidatableResponseOptionsImpl.statusCode(ValidatableResponseOptionsImpl.java:119)
at requests.SideServiceTest.when_OnlyWhiteSpacesIsEnteredAsID_Expect_404NotFound(SideServiceTest.java:185)
at sun.reflect.NativeMethodAccessorImpl.invoke0(Native Method)
at sun.reflect.NativeMethodAccessorImpl.invoke(NativeMethodAccessorImpl.java:62)
at sun.reflect.DelegatingMethodAccessorImpl.invoke(DelegatingMethodAccessorImpl.java:43)
at java.lang.reflect.Method.invoke(Method.java:498)
at org.testng.internal.MethodInvocationHelper.invokeMethod(MethodInvocationHelper.java:124)
at org.testng.internal.Invoker.invokeMethod(Invoker.java:583)
at org.testng.internal.Invoker.invokeTestMethod(Invoker.java:719)
at org.testng.internal.Invoker.invokeTestMethods(Invoker.java:989)
at org.testng.internal.TestMethodWorker.invokeTestMethods(TestMethodWorker.java:125)
at org.testng.internal.TestMethodWorker.run(TestMethodWorker.java:109)
at org.testng.TestRunner.privateRun(TestRunner.java:648)
at org.testng.TestRunner.run(TestRunner.java:505)
at org.testng.SuiteRunner.runTest(SuiteRunner.java:455)
at org.testng.SuiteRunner.runSequentially(SuiteRunner.java:450)
at org.testng.SuiteRunner.privateRun(SuiteRunner.java:415)
at org.testng.SuiteRunner.run(SuiteRunner.java:364)
at org.testng.SuiteRunnerWorker.runSuite(SuiteRunnerWorker.java:52)
at org.testng.SuiteRunnerWorker.run(SuiteRunnerWorker.java:84)
at org.testng.TestNG.runSuitesSequentially(TestNG.java:1208)
at org.testng.TestNG.runSuitesLocally(TestNG.java:1137)
at org.testng.TestNG.runSuites(TestNG.java:1049)
at org.testng.TestNG.run(TestNG.java:1017)
at org.apache.maven.surefire.testng.TestNGExecutor.run(TestNGExecutor.java:283)
at org.apache.maven.surefire.testng.TestNGXmlTestSuite.execute(TestNGXmlTestSuite.java:75)
at org.apache.maven.surefire.testng.TestNGProvider.invoke(TestNGProvider.java:120)
at org.apache.maven.surefire.booter.ForkedBooter.invokeProviderInSameClassLoader(ForkedBooter.java:383)
at org.apache.maven.surefire.booter.ForkedBooter.runSuitesInProcess(ForkedBooter.java:344)
at org.apache.maven.surefire.booter.ForkedBooter.execute(ForkedBooter.java:125)
at org.apache.maven.surefire.booter.ForkedBooter.main(ForkedBooter.java:417)
]]>
            </full-stacktrace>
          </exception> <!-- java.lang.AssertionError -->
          <reporter-output>
          </reporter-output>
        </test-method> <!-- when_OnlyWhiteSpacesIsEnteredAsID_Expect_404NotFound -->
        <test-method status="PASS" signature="when_OnlyWhiteSpacesIsEnteredAsSide_Expect_SideNameNotSupportedException()[pri:0, instance:requests.SideServiceTest@246ae04d]" name="when_OnlyWhiteSpacesIsEnteredAsSide_Expect_SideNameNotSupportedException" duration-ms="35" started-at="2018-11-26T18:38:42Z" finished-at="2018-11-26T18:38:42Z">
          <reporter-output>
          </reporter-output>
        </test-method> <!-- when_OnlyWhiteSpacesIsEnteredAsSide_Expect_SideNameNotSupportedException -->
        <test-method status="PASS" signature="when_SameSideRequestsAreMadeWithSameID_Expect_UpdatedData()[pri:0, instance:requests.SideServiceTest@246ae04d]" name="when_SameSideRequestsAreMadeWithSameID_Expect_UpdatedData" duration-ms="34" started-at="2018-11-26T18:38:42Z" finished-at="2018-11-26T18:38:43Z">
          <reporter-output>
          </reporter-output>
        </test-method> <!-- when_SameSideRequestsAreMadeWithSameID_Expect_UpdatedData -->
        <test-method status="PASS" signature="when_SideRequestContentTypeIsHTML_Expect_415UnsupportedMediaType()[pri:0, instance:requests.SideServiceTest@246ae04d]" name="when_SideRequestContentTypeIsHTML_Expect_415UnsupportedMediaType" duration-ms="14" started-at="2018-11-26T18:38:43Z" finished-at="2018-11-26T18:38:43Z">
          <reporter-output>
          </reporter-output>
        </test-method> <!-- when_SideRequestContentTypeIsHTML_Expect_415UnsupportedMediaType -->
        <test-method status="PASS" signature="when_SideRequestContentTypeIsText_Expect_415UnsupportedMediaType()[pri:0, instance:requests.SideServiceTest@246ae04d]" name="when_SideRequestContentTypeIsText_Expect_415UnsupportedMediaType" duration-ms="23" started-at="2018-11-26T18:38:43Z" finished-at="2018-11-26T18:38:43Z">
          <reporter-output>
          </reporter-output>
        </test-method> <!-- when_SideRequestContentTypeIsText_Expect_415UnsupportedMediaType -->
        <test-method status="PASS" signature="when_SideRequestContentTypeIsXml_Expect_415UnsupportedMediaType()[pri:0, instance:requests.SideServiceTest@246ae04d]" name="when_SideRequestContentTypeIsXml_Expect_415UnsupportedMediaType" duration-ms="12" started-at="2018-11-26T18:38:43Z" finished-at="2018-11-26T18:38:43Z">
          <reporter-output>
          </reporter-output>
        </test-method> <!-- when_SideRequestContentTypeIsXml_Expect_415UnsupportedMediaType -->
        <test-method status="PASS" signature="when_SideRequestHasNoContentType_Expect_415UnsupportedMediaType()[pri:0, instance:requests.SideServiceTest@246ae04d]" name="when_SideRequestHasNoContentType_Expect_415UnsupportedMediaType" duration-ms="12" started-at="2018-11-26T18:38:43Z" finished-at="2018-11-26T18:38:43Z">
          <reporter-output>
          </reporter-output>
        </test-method> <!-- when_SideRequestHasNoContentType_Expect_415UnsupportedMediaType -->
        <test-method status="PASS" signature="when_SideRequestMethodIsPUT_Expect_405MethodNotAllowed()[pri:0, instance:requests.SideServiceTest@246ae04d]" name="when_SideRequestMethodIsPUT_Expect_405MethodNotAllowed" duration-ms="20" started-at="2018-11-26T18:38:43Z" finished-at="2018-11-26T18:38:43Z">
          <reporter-output>
          </reporter-output>
        </test-method> <!-- when_SideRequestMethodIsPUT_Expect_405MethodNotAllowed -->
        <test-method status="PASS" signature="when_UpIsEnteredAsSide_Expect_SideNameNotSupportedException()[pri:0, instance:requests.SideServiceTest@246ae04d]" name="when_UpIsEnteredAsSide_Expect_SideNameNotSupportedException" duration-ms="26" started-at="2018-11-26T18:38:43Z" finished-at="2018-11-26T18:38:43Z">
          <reporter-output>
          </reporter-output>
        </test-method> <!-- when_UpIsEnteredAsSide_Expect_SideNameNotSupportedException -->
        <test-method status="PASS" signature="when_ValidLeftSideRequestIsMade_Expect_AcceptedLeftSideBase64Data()[pri:0, instance:requests.SideServiceTest@246ae04d]" name="when_ValidLeftSideRequestIsMade_Expect_AcceptedLeftSideBase64Data" duration-ms="18" started-at="2018-11-26T18:38:43Z" finished-at="2018-11-26T18:38:43Z">
          <reporter-output>
          </reporter-output>
        </test-method> <!-- when_ValidLeftSideRequestIsMade_Expect_AcceptedLeftSideBase64Data -->
        <test-method status="PASS" signature="when_ValidRightSideRequestIsMade_Expect_AcceptedRightSideBase64Data()[pri:0, instance:requests.SideServiceTest@246ae04d]" name="when_ValidRightSideRequestIsMade_Expect_AcceptedRightSideBase64Data" duration-ms="18" started-at="2018-11-26T18:38:43Z" finished-at="2018-11-26T18:38:43Z">
          <reporter-output>
          </reporter-output>
        </test-method> <!-- when_ValidRightSideRequestIsMade_Expect_AcceptedRightSideBase64Data -->
      </class> <!-- requests.SideServiceTest -->
    </test> <!-- Differ Regression Tests -->
  </suite> <!-- Differ Regression Test Suite -->
</testng-results>
