<?xml version="1.0" encoding="UTF-8"?>
<testng-results skipped="0" failed="4" ignored="1" total="29" passed="24">
  <reporter-output>
  </reporter-output>
  <suite name="Differ Regression Test Suite" duration-ms="3328" started-at="2019-02-12T10:58:30Z" finished-at="2019-02-12T10:58:34Z">
    <groups>
    </groups>
    <test name="Differ Regression Tests" duration-ms="3328" started-at="2019-02-12T10:58:30Z" finished-at="2019-02-12T10:58:34Z">
      <class name="requests.DifferServiceTest">
        <test-method status="PASS" signature="when_DiffRequestIsDelete_Expect_405MethodNotAllowed()[pri:0, instance:requests.DifferServiceTest@77b52d12]" name="when_DiffRequestIsDelete_Expect_405MethodNotAllowed" duration-ms="47" started-at="2019-02-12T10:58:33Z" finished-at="2019-02-12T10:58:33Z">
          <reporter-output>
          </reporter-output>
        </test-method> <!-- when_DiffRequestIsDelete_Expect_405MethodNotAllowed -->
        <test-method status="PASS" signature="beforeMethod()[pri:0, instance:requests.DifferServiceTest@77b52d12]" name="beforeMethod" is-config="true" duration-ms="0" started-at="2019-02-12T10:58:33Z" finished-at="2019-02-12T10:58:33Z">
          <reporter-output>
          </reporter-output>
        </test-method> <!-- beforeMethod -->
        <test-method status="PASS" signature="beforeMethod()[pri:0, instance:requests.DifferServiceTest@77b52d12]" name="beforeMethod" is-config="true" duration-ms="1" started-at="2019-02-12T10:58:33Z" finished-at="2019-02-12T10:58:33Z">
          <reporter-output>
          </reporter-output>
        </test-method> <!-- beforeMethod -->
        <test-method status="PASS" signature="when_EqualSidesAreDiffed_Expect_Equal()[pri:0, instance:requests.DifferServiceTest@77b52d12]" name="when_EqualSidesAreDiffed_Expect_Equal" duration-ms="38" started-at="2019-02-12T10:58:33Z" finished-at="2019-02-12T10:58:33Z">
          <reporter-output>
          </reporter-output>
        </test-method> <!-- when_EqualSidesAreDiffed_Expect_Equal -->
        <test-method status="PASS" signature="when_IDThatIsNotInitializedIsDiffed_Expect_IDNotInitialized()[pri:0, instance:requests.DifferServiceTest@77b52d12]" name="when_IDThatIsNotInitializedIsDiffed_Expect_IDNotInitialized" duration-ms="13" started-at="2019-02-12T10:58:33Z" finished-at="2019-02-12T10:58:33Z">
          <reporter-output>
          </reporter-output>
        </test-method> <!-- when_IDThatIsNotInitializedIsDiffed_Expect_IDNotInitialized -->
        <test-method status="PASS" signature="beforeMethod()[pri:0, instance:requests.DifferServiceTest@77b52d12]" name="beforeMethod" is-config="true" duration-ms="0" started-at="2019-02-12T10:58:33Z" finished-at="2019-02-12T10:58:33Z">
          <reporter-output>
          </reporter-output>
        </test-method> <!-- beforeMethod -->
        <test-method status="PASS" signature="when_SidesAreDiffedAndLeftSideIsNull_Expect_DifferentLengthAndLeftHasNoValue()[pri:0, instance:requests.DifferServiceTest@77b52d12]" name="when_SidesAreDiffedAndLeftSideIsNull_Expect_DifferentLengthAndLeftHasNoValue" duration-ms="35" started-at="2019-02-12T10:58:33Z" finished-at="2019-02-12T10:58:33Z">
          <reporter-output>
          </reporter-output>
        </test-method> <!-- when_SidesAreDiffedAndLeftSideIsNull_Expect_DifferentLengthAndLeftHasNoValue -->
        <test-method status="PASS" signature="beforeMethod()[pri:0, instance:requests.DifferServiceTest@77b52d12]" name="beforeMethod" is-config="true" duration-ms="0" started-at="2019-02-12T10:58:33Z" finished-at="2019-02-12T10:58:33Z">
          <reporter-output>
          </reporter-output>
        </test-method> <!-- beforeMethod -->
        <test-method status="PASS" signature="beforeMethod()[pri:0, instance:requests.DifferServiceTest@77b52d12]" name="beforeMethod" is-config="true" duration-ms="1" started-at="2019-02-12T10:58:33Z" finished-at="2019-02-12T10:58:33Z">
          <reporter-output>
          </reporter-output>
        </test-method> <!-- beforeMethod -->
        <test-method status="FAIL" signature="when_SidesAreDiffedAndRightSideIsNull_Expect_DifferentLengthAndRightHasNoValue()[pri:0, instance:requests.DifferServiceTest@77b52d12]" name="when_SidesAreDiffedAndRightSideIsNull_Expect_DifferentLengthAndRightHasNoValue" duration-ms="34" started-at="2019-02-12T10:58:33Z" finished-at="2019-02-12T10:58:33Z">
          <exception class="java.lang.IllegalStateException">
            <message>
              <![CDATA[Cannot parse content to class responseModels.UnequalDiffSuccessResponse because no content-type was present in the response and no default parser has been set.
You can specify a default parser using e.g.:
RestAssured.defaultParser = Parser.JSON;

or you can specify an explicit ObjectMapper using as(class responseModels.UnequalDiffSuccessResponse, <ObjectMapper>);]]>
            </message>
            <full-stacktrace>
              <![CDATA[java.lang.IllegalStateException: Cannot parse content to class responseModels.UnequalDiffSuccessResponse because no content-type was present in the response and no default parser has been set.
You can specify a default parser using e.g.:
RestAssured.defaultParser = Parser.JSON;

or you can specify an explicit ObjectMapper using as(class responseModels.UnequalDiffSuccessResponse, <ObjectMapper>);
at sun.reflect.NativeConstructorAccessorImpl.newInstance0(Native Method)
at sun.reflect.NativeConstructorAccessorImpl.newInstance(NativeConstructorAccessorImpl.java:62)
at sun.reflect.DelegatingConstructorAccessorImpl.newInstance(DelegatingConstructorAccessorImpl.java:45)
at java.lang.reflect.Constructor.newInstance(Constructor.java:423)
at org.codehaus.groovy.reflection.CachedConstructor.invoke(CachedConstructor.java:83)
at org.codehaus.groovy.reflection.CachedConstructor.doConstructorInvoke(CachedConstructor.java:77)
at org.codehaus.groovy.runtime.callsite.ConstructorSite$ConstructorSiteNoUnwrap.callConstructor(ConstructorSite.java:84)
at org.codehaus.groovy.runtime.callsite.CallSiteArray.defaultCallConstructor(CallSiteArray.java:59)
at org.codehaus.groovy.runtime.callsite.AbstractCallSite.callConstructor(AbstractCallSite.java:238)
at org.codehaus.groovy.runtime.callsite.AbstractCallSite.callConstructor(AbstractCallSite.java:250)
at io.restassured.internal.RestAssuredResponseOptionsGroovyImpl$_as_closure3.doCall(RestAssuredResponseOptionsGroovyImpl.groovy:220)
at io.restassured.internal.RestAssuredResponseOptionsGroovyImpl$_as_closure3.doCall(RestAssuredResponseOptionsGroovyImpl.groovy)
at sun.reflect.NativeMethodAccessorImpl.invoke0(Native Method)
at sun.reflect.NativeMethodAccessorImpl.invoke(NativeMethodAccessorImpl.java:62)
at sun.reflect.DelegatingMethodAccessorImpl.invoke(DelegatingMethodAccessorImpl.java:43)
at java.lang.reflect.Method.invoke(Method.java:498)
at org.codehaus.groovy.reflection.CachedMethod.invoke(CachedMethod.java:98)
at groovy.lang.MetaMethod.doMethodInvoke(MetaMethod.java:325)
at org.codehaus.groovy.runtime.metaclass.ClosureMetaClass.invokeMethod(ClosureMetaClass.java:264)
at groovy.lang.MetaClassImpl.invokeMethod(MetaClassImpl.java:1034)
at org.codehaus.groovy.runtime.callsite.PogoMetaClassSite.call(PogoMetaClassSite.java:41)
at org.codehaus.groovy.runtime.callsite.CallSiteArray.defaultCall(CallSiteArray.java:47)
at org.codehaus.groovy.runtime.callsite.AbstractCallSite.call(AbstractCallSite.java:116)
at org.codehaus.groovy.runtime.callsite.AbstractCallSite.call(AbstractCallSite.java:120)
at io.restassured.internal.RestAssuredResponseOptionsGroovyImpl.findContentType(RestAssuredResponseOptionsGroovyImpl.groovy:483)
at sun.reflect.NativeMethodAccessorImpl.invoke0(Native Method)
at sun.reflect.NativeMethodAccessorImpl.invoke(NativeMethodAccessorImpl.java:62)
at sun.reflect.DelegatingMethodAccessorImpl.invoke(DelegatingMethodAccessorImpl.java:43)
at java.lang.reflect.Method.invoke(Method.java:498)
at org.codehaus.groovy.runtime.callsite.PogoMetaMethodSite$PogoCachedMethodSiteNoUnwrapNoCoerce.invoke(PogoMetaMethodSite.java:210)
at org.codehaus.groovy.runtime.callsite.PogoMetaMethodSite.callCurrent(PogoMetaMethodSite.java:59)
at org.codehaus.groovy.runtime.callsite.AbstractCallSite.callCurrent(AbstractCallSite.java:169)
at io.restassured.internal.RestAssuredResponseOptionsGroovyImpl.as(RestAssuredResponseOptionsGroovyImpl.groovy:219)
at io.restassured.internal.RestAssuredResponseOptionsImpl.as(RestAssuredResponseOptionsImpl.java:165)
at requests.DifferServiceTest.when_SidesAreDiffedAndRightSideIsNull_Expect_DifferentLengthAndRightHasNoValue(DifferServiceTest.java:85)
at sun.reflect.NativeMethodAccessorImpl.invoke0(Native Method)
at sun.reflect.NativeMethodAccessorImpl.invoke(NativeMethodAccessorImpl.java:62)
at sun.reflect.DelegatingMethodAccessorImpl.invoke(DelegatingMethodAccessorImpl.java:43)
at java.lang.reflect.Method.invoke(Method.java:498)
at org.testng.internal.MethodInvocationHelper.invokeMethod(MethodInvocationHelper.java:124)
at org.testng.internal.Invoker.invokeMethod(Invoker.java:583)
at org.testng.internal.Invoker.invokeTestMethod(Invoker.java:719)
at org.testng.internal.Invoker.invokeTestMethods(Invoker.java:989)
at org.testng.internal.TestMethodWorker.invokeTestMethods(TestMethodWorker.java:125)
at org.testng.internal.TestMethodWorker.run(TestMethodWorker.java:109)
at org.testng.TestRunner.privateRun(TestRunner.java:648)
at org.testng.TestRunner.run(TestRunner.java:505)
at org.testng.SuiteRunner.runTest(SuiteRunner.java:455)
at org.testng.SuiteRunner.runSequentially(SuiteRunner.java:450)
at org.testng.SuiteRunner.privateRun(SuiteRunner.java:415)
at org.testng.SuiteRunner.run(SuiteRunner.java:364)
at org.testng.SuiteRunnerWorker.runSuite(SuiteRunnerWorker.java:52)
at org.testng.SuiteRunnerWorker.run(SuiteRunnerWorker.java:84)
at org.testng.TestNG.runSuitesSequentially(TestNG.java:1208)
at org.testng.TestNG.runSuitesLocally(TestNG.java:1137)
at org.testng.TestNG.runSuites(TestNG.java:1049)
at org.testng.TestNG.run(TestNG.java:1017)
at org.apache.maven.surefire.testng.TestNGExecutor.run(TestNGExecutor.java:283)
at org.apache.maven.surefire.testng.TestNGXmlTestSuite.execute(TestNGXmlTestSuite.java:75)
at org.apache.maven.surefire.testng.TestNGProvider.invoke(TestNGProvider.java:120)
at org.apache.maven.surefire.booter.ForkedBooter.invokeProviderInSameClassLoader(ForkedBooter.java:383)
at org.apache.maven.surefire.booter.ForkedBooter.runSuitesInProcess(ForkedBooter.java:344)
at org.apache.maven.surefire.booter.ForkedBooter.execute(ForkedBooter.java:125)
at org.apache.maven.surefire.booter.ForkedBooter.main(ForkedBooter.java:417)
]]>
            </full-stacktrace>
          </exception> <!-- java.lang.IllegalStateException -->
          <reporter-output>
          </reporter-output>
        </test-method> <!-- when_SidesAreDiffedAndRightSideIsNull_Expect_DifferentLengthAndRightHasNoValue -->
        <test-method status="PASS" signature="beforeMethod()[pri:0, instance:requests.DifferServiceTest@77b52d12]" name="beforeMethod" is-config="true" duration-ms="0" started-at="2019-02-12T10:58:33Z" finished-at="2019-02-12T10:58:33Z">
          <reporter-output>
          </reporter-output>
        </test-method> <!-- beforeMethod -->
        <test-method status="PASS" signature="when_SidesOfDifferentLengthsAreDiffed_Expect_DifferentLength()[pri:0, instance:requests.DifferServiceTest@77b52d12]" name="when_SidesOfDifferentLengthsAreDiffed_Expect_DifferentLength" duration-ms="36" started-at="2019-02-12T10:58:33Z" finished-at="2019-02-12T10:58:34Z">
          <reporter-output>
          </reporter-output>
        </test-method> <!-- when_SidesOfDifferentLengthsAreDiffed_Expect_DifferentLength -->
        <test-method status="PASS" signature="beforeMethod()[pri:0, instance:requests.DifferServiceTest@77b52d12]" name="beforeMethod" is-config="true" duration-ms="0" started-at="2019-02-12T10:58:34Z" finished-at="2019-02-12T10:58:34Z">
          <reporter-output>
          </reporter-output>
        </test-method> <!-- beforeMethod -->
        <test-method status="PASS" signature="when_SidesOfSameLengthButDifferentCharactersAreDiffed_Expect_PositionOfDifferentCharacters()[pri:0, instance:requests.DifferServiceTest@77b52d12]" name="when_SidesOfSameLengthButDifferentCharactersAreDiffed_Expect_PositionOfDifferentCharacters" duration-ms="32" started-at="2019-02-12T10:58:34Z" finished-at="2019-02-12T10:58:34Z">
          <reporter-output>
          </reporter-output>
        </test-method> <!-- when_SidesOfSameLengthButDifferentCharactersAreDiffed_Expect_PositionOfDifferentCharacters -->
        <test-method status="PASS" signature="beforeMethod()[pri:0, instance:requests.DifferServiceTest@77b52d12]" name="beforeMethod" is-config="true" duration-ms="1" started-at="2019-02-12T10:58:34Z" finished-at="2019-02-12T10:58:34Z">
          <reporter-output>
          </reporter-output>
        </test-method> <!-- beforeMethod -->
        <test-method status="PASS" signature="when_SidesOfSameLengthButDifferentSuccessiveCharactersAreDiffed_Expect_RangedPositionOfDifferentCharacters()[pri:0, instance:requests.DifferServiceTest@77b52d12]" name="when_SidesOfSameLengthButDifferentSuccessiveCharactersAreDiffed_Expect_RangedPositionOfDifferentCharacters" duration-ms="41" started-at="2019-02-12T10:58:34Z" finished-at="2019-02-12T10:58:34Z">
          <reporter-output>
          </reporter-output>
        </test-method> <!-- when_SidesOfSameLengthButDifferentSuccessiveCharactersAreDiffed_Expect_RangedPositionOfDifferentCharacters -->
      </class> <!-- requests.DifferServiceTest -->
      <class name="requests.SideServiceTest">
        <test-method status="PASS" signature="initializeBaseURI()[pri:0, instance:requests.SideServiceTest@614c5515]" name="initializeBaseURI" is-config="true" duration-ms="316" started-at="2019-02-12T10:58:30Z" finished-at="2019-02-12T10:58:30Z">
          <reporter-output>
          </reporter-output>
        </test-method> <!-- initializeBaseURI -->
        <test-method status="PASS" signature="beforeMethod()[pri:0, instance:requests.SideServiceTest@614c5515]" name="beforeMethod" is-config="true" duration-ms="109" started-at="2019-02-12T10:58:30Z" finished-at="2019-02-12T10:58:30Z">
          <reporter-output>
          </reporter-output>
        </test-method> <!-- beforeMethod -->
        <test-method status="PASS" signature="when_AlphabetOnlyIsEnteredAsID_Expect_415UnsupportedMediaType()[pri:0, instance:requests.SideServiceTest@614c5515]" name="when_AlphabetOnlyIsEnteredAsID_Expect_415UnsupportedMediaType" duration-ms="938" started-at="2019-02-12T10:58:30Z" finished-at="2019-02-12T10:58:31Z">
          <reporter-output>
          </reporter-output>
        </test-method> <!-- when_AlphabetOnlyIsEnteredAsID_Expect_415UnsupportedMediaType -->
        <test-method status="PASS" signature="beforeMethod()[pri:0, instance:requests.SideServiceTest@614c5515]" name="beforeMethod" is-config="true" duration-ms="1" started-at="2019-02-12T10:58:31Z" finished-at="2019-02-12T10:58:31Z">
          <reporter-output>
          </reporter-output>
        </test-method> <!-- beforeMethod -->
        <test-method status="PASS" signature="when_AlphanumericValueIsEnteredAsID_Expect_404NotFound()[pri:0, instance:requests.SideServiceTest@614c5515]" name="when_AlphanumericValueIsEnteredAsID_Expect_404NotFound" duration-ms="20" started-at="2019-02-12T10:58:31Z" finished-at="2019-02-12T10:58:31Z">
          <reporter-output>
          </reporter-output>
        </test-method> <!-- when_AlphanumericValueIsEnteredAsID_Expect_404NotFound -->
        <test-method status="PASS" signature="beforeMethod()[pri:0, instance:requests.SideServiceTest@614c5515]" name="beforeMethod" is-config="true" duration-ms="1" started-at="2019-02-12T10:58:31Z" finished-at="2019-02-12T10:58:31Z">
          <reporter-output>
          </reporter-output>
        </test-method> <!-- beforeMethod -->
        <test-method status="PASS" signature="when_BodyDataIsNotBase64Encoded_Expect_DataNotBase64Exception()[pri:0, instance:requests.SideServiceTest@614c5515]" name="when_BodyDataIsNotBase64Encoded_Expect_DataNotBase64Exception" duration-ms="391" started-at="2019-02-12T10:58:31Z" finished-at="2019-02-12T10:58:32Z">
          <reporter-output>
          </reporter-output>
        </test-method> <!-- when_BodyDataIsNotBase64Encoded_Expect_DataNotBase64Exception -->
        <test-method status="PASS" signature="when_BodyIsNotPassedInSideRequest_Expect_400BadRequest()[pri:0, instance:requests.SideServiceTest@614c5515]" name="when_BodyIsNotPassedInSideRequest_Expect_400BadRequest" duration-ms="26" started-at="2019-02-12T10:58:32Z" finished-at="2019-02-12T10:58:32Z">
          <reporter-output>
          </reporter-output>
        </test-method> <!-- when_BodyIsNotPassedInSideRequest_Expect_400BadRequest -->
        <test-method status="PASS" signature="beforeMethod()[pri:0, instance:requests.SideServiceTest@614c5515]" name="beforeMethod" is-config="true" duration-ms="0" started-at="2019-02-12T10:58:32Z" finished-at="2019-02-12T10:58:32Z">
          <reporter-output>
          </reporter-output>
        </test-method> <!-- beforeMethod -->
        <test-method status="PASS" signature="when_EmptyStringIsEnteredAsID_Expect_404NotFound()[pri:0, instance:requests.SideServiceTest@614c5515]" name="when_EmptyStringIsEnteredAsID_Expect_404NotFound" duration-ms="14" started-at="2019-02-12T10:58:32Z" finished-at="2019-02-12T10:58:32Z">
          <reporter-output>
          </reporter-output>
        </test-method> <!-- when_EmptyStringIsEnteredAsID_Expect_404NotFound -->
        <test-method status="PASS" signature="beforeMethod()[pri:0, instance:requests.SideServiceTest@614c5515]" name="beforeMethod" is-config="true" duration-ms="0" started-at="2019-02-12T10:58:32Z" finished-at="2019-02-12T10:58:32Z">
          <reporter-output>
          </reporter-output>
        </test-method> <!-- beforeMethod -->
        <test-method status="PASS" signature="beforeMethod()[pri:0, instance:requests.SideServiceTest@614c5515]" name="beforeMethod" is-config="true" duration-ms="1" started-at="2019-02-12T10:58:32Z" finished-at="2019-02-12T10:58:32Z">
          <reporter-output>
          </reporter-output>
        </test-method> <!-- beforeMethod -->
        <test-method status="FAIL" signature="when_EmptyStringIsPassedAsBody_Expect_400BadRequest()[pri:0, instance:requests.SideServiceTest@614c5515]" name="when_EmptyStringIsPassedAsBody_Expect_400BadRequest" duration-ms="27" started-at="2019-02-12T10:58:32Z" finished-at="2019-02-12T10:58:32Z">
          <exception class="java.lang.AssertionError">
            <message>
              <![CDATA[1 expectation failed.
Expected status code <400> but was <200>.
]]>
            </message>
            <full-stacktrace>
              <![CDATA[java.lang.AssertionError: 1 expectation failed.
Expected status code <400> but was <200>.

at sun.reflect.NativeConstructorAccessorImpl.newInstance0(Native Method)
at sun.reflect.NativeConstructorAccessorImpl.newInstance(NativeConstructorAccessorImpl.java:62)
at sun.reflect.DelegatingConstructorAccessorImpl.newInstance(DelegatingConstructorAccessorImpl.java:45)
at java.lang.reflect.Constructor.newInstance(Constructor.java:423)
at org.codehaus.groovy.reflection.CachedConstructor.invoke(CachedConstructor.java:83)
at org.codehaus.groovy.reflection.CachedConstructor.doConstructorInvoke(CachedConstructor.java:77)
at org.codehaus.groovy.runtime.callsite.ConstructorSite$ConstructorSiteNoUnwrap.callConstructor(ConstructorSite.java:84)
at org.codehaus.groovy.runtime.callsite.CallSiteArray.defaultCallConstructor(CallSiteArray.java:59)
at org.codehaus.groovy.runtime.callsite.AbstractCallSite.callConstructor(AbstractCallSite.java:238)
at org.codehaus.groovy.runtime.callsite.AbstractCallSite.callConstructor(AbstractCallSite.java:250)
at io.restassured.internal.ResponseSpecificationImpl$HamcrestAssertionClosure.validate(ResponseSpecificationImpl.groovy:483)
at io.restassured.internal.ResponseSpecificationImpl$HamcrestAssertionClosure$validate$1.call(Unknown Source)
at io.restassured.internal.ResponseSpecificationImpl.validateResponseIfRequired(ResponseSpecificationImpl.groovy:655)
at sun.reflect.NativeMethodAccessorImpl.invoke0(Native Method)
at sun.reflect.NativeMethodAccessorImpl.invoke(NativeMethodAccessorImpl.java:62)
at sun.reflect.DelegatingMethodAccessorImpl.invoke(DelegatingMethodAccessorImpl.java:43)
at java.lang.reflect.Method.invoke(Method.java:498)
at org.codehaus.groovy.runtime.callsite.PogoMetaMethodSite$PogoCachedMethodSiteNoUnwrapNoCoerce.invoke(PogoMetaMethodSite.java:210)
at org.codehaus.groovy.runtime.callsite.PogoMetaMethodSite.callCurrent(PogoMetaMethodSite.java:59)
at org.codehaus.groovy.runtime.callsite.AbstractCallSite.callCurrent(AbstractCallSite.java:169)
at io.restassured.internal.ResponseSpecificationImpl.statusCode(ResponseSpecificationImpl.groovy:123)
at io.restassured.specification.ResponseSpecification$statusCode$0.callCurrent(Unknown Source)
at io.restassured.internal.ResponseSpecificationImpl.statusCode(ResponseSpecificationImpl.groovy:131)
at io.restassured.internal.ValidatableResponseOptionsImpl.statusCode(ValidatableResponseOptionsImpl.java:119)
at requests.SideServiceTest.when_EmptyStringIsPassedAsBody_Expect_400BadRequest(SideServiceTest.java:366)
at sun.reflect.NativeMethodAccessorImpl.invoke0(Native Method)
at sun.reflect.NativeMethodAccessorImpl.invoke(NativeMethodAccessorImpl.java:62)
at sun.reflect.DelegatingMethodAccessorImpl.invoke(DelegatingMethodAccessorImpl.java:43)
at java.lang.reflect.Method.invoke(Method.java:498)
at org.testng.internal.MethodInvocationHelper.invokeMethod(MethodInvocationHelper.java:124)
at org.testng.internal.Invoker.invokeMethod(Invoker.java:583)
at org.testng.internal.Invoker.invokeTestMethod(Invoker.java:719)
at org.testng.internal.Invoker.invokeTestMethods(Invoker.java:989)
at org.testng.internal.TestMethodWorker.invokeTestMethods(TestMethodWorker.java:125)
at org.testng.internal.TestMethodWorker.run(TestMethodWorker.java:109)
at org.testng.TestRunner.privateRun(TestRunner.java:648)
at org.testng.TestRunner.run(TestRunner.java:505)
at org.testng.SuiteRunner.runTest(SuiteRunner.java:455)
at org.testng.SuiteRunner.runSequentially(SuiteRunner.java:450)
at org.testng.SuiteRunner.privateRun(SuiteRunner.java:415)
at org.testng.SuiteRunner.run(SuiteRunner.java:364)
at org.testng.SuiteRunnerWorker.runSuite(SuiteRunnerWorker.java:52)
at org.testng.SuiteRunnerWorker.run(SuiteRunnerWorker.java:84)
at org.testng.TestNG.runSuitesSequentially(TestNG.java:1208)
at org.testng.TestNG.runSuitesLocally(TestNG.java:1137)
at org.testng.TestNG.runSuites(TestNG.java:1049)
at org.testng.TestNG.run(TestNG.java:1017)
at org.apache.maven.surefire.testng.TestNGExecutor.run(TestNGExecutor.java:283)
at org.apache.maven.surefire.testng.TestNGXmlTestSuite.execute(TestNGXmlTestSuite.java:75)
at org.apache.maven.surefire.testng.TestNGProvider.invoke(TestNGProvider.java:120)
at org.apache.maven.surefire.booter.ForkedBooter.invokeProviderInSameClassLoader(ForkedBooter.java:383)
at org.apache.maven.surefire.booter.ForkedBooter.runSuitesInProcess(ForkedBooter.java:344)
at org.apache.maven.surefire.booter.ForkedBooter.execute(ForkedBooter.java:125)
at org.apache.maven.surefire.booter.ForkedBooter.main(ForkedBooter.java:417)
]]>
            </full-stacktrace>
          </exception> <!-- java.lang.AssertionError -->
          <reporter-output>
          </reporter-output>
        </test-method> <!-- when_EmptyStringIsPassedAsBody_Expect_400BadRequest -->
        <test-method status="PASS" signature="beforeMethod()[pri:0, instance:requests.SideServiceTest@614c5515]" name="beforeMethod" is-config="true" duration-ms="0" started-at="2019-02-12T10:58:32Z" finished-at="2019-02-12T10:58:32Z">
          <reporter-output>
          </reporter-output>
        </test-method> <!-- beforeMethod -->
        <test-method status="PASS" signature="when_EmptyStringIsPassedAsSide_Expect_SideNameNotSupportedException()[pri:0, instance:requests.SideServiceTest@614c5515]" name="when_EmptyStringIsPassedAsSide_Expect_SideNameNotSupportedException" duration-ms="14" started-at="2019-02-12T10:58:32Z" finished-at="2019-02-12T10:58:32Z">
          <reporter-output>
          </reporter-output>
        </test-method> <!-- when_EmptyStringIsPassedAsSide_Expect_SideNameNotSupportedException -->
        <test-method status="PASS" signature="beforeMethod()[pri:0, instance:requests.SideServiceTest@614c5515]" name="beforeMethod" is-config="true" duration-ms="2" started-at="2019-02-12T10:58:32Z" finished-at="2019-02-12T10:58:32Z">
          <reporter-output>
          </reporter-output>
        </test-method> <!-- beforeMethod -->
        <test-method status="PASS" signature="when_LeftAndRightSideRequestsAreMadeWithSameID_Expect_AcceptedDataForLeftAndRight()[pri:0, instance:requests.SideServiceTest@614c5515]" name="when_LeftAndRightSideRequestsAreMadeWithSameID_Expect_AcceptedDataForLeftAndRight" duration-ms="1273" started-at="2019-02-12T10:58:32Z" finished-at="2019-02-12T10:58:33Z">
          <reporter-output>
          </reporter-output>
        </test-method> <!-- when_LeftAndRightSideRequestsAreMadeWithSameID_Expect_AcceptedDataForLeftAndRight -->
        <test-method status="FAIL" signature="when_NegativeValueIsEnteredAsID_Expect_404NotFound()[pri:0, instance:requests.SideServiceTest@614c5515]" name="when_NegativeValueIsEnteredAsID_Expect_404NotFound" duration-ms="16" started-at="2019-02-12T10:58:33Z" finished-at="2019-02-12T10:58:33Z">
          <exception class="java.lang.AssertionError">
            <message>
              <![CDATA[1 expectation failed.
Expected status code <404> but was <200>.
]]>
            </message>
            <full-stacktrace>
              <![CDATA[java.lang.AssertionError: 1 expectation failed.
Expected status code <404> but was <200>.

at sun.reflect.NativeConstructorAccessorImpl.newInstance0(Native Method)
at sun.reflect.NativeConstructorAccessorImpl.newInstance(NativeConstructorAccessorImpl.java:62)
at sun.reflect.DelegatingConstructorAccessorImpl.newInstance(DelegatingConstructorAccessorImpl.java:45)
at java.lang.reflect.Constructor.newInstance(Constructor.java:423)
at org.codehaus.groovy.reflection.CachedConstructor.invoke(CachedConstructor.java:83)
at org.codehaus.groovy.reflection.CachedConstructor.doConstructorInvoke(CachedConstructor.java:77)
at org.codehaus.groovy.runtime.callsite.ConstructorSite$ConstructorSiteNoUnwrap.callConstructor(ConstructorSite.java:84)
at org.codehaus.groovy.runtime.callsite.AbstractCallSite.callConstructor(AbstractCallSite.java:250)
at io.restassured.internal.ResponseSpecificationImpl$HamcrestAssertionClosure.validate(ResponseSpecificationImpl.groovy:483)
at io.restassured.internal.ResponseSpecificationImpl$HamcrestAssertionClosure$validate$1.call(Unknown Source)
at io.restassured.internal.ResponseSpecificationImpl.validateResponseIfRequired(ResponseSpecificationImpl.groovy:655)
at sun.reflect.NativeMethodAccessorImpl.invoke0(Native Method)
at sun.reflect.NativeMethodAccessorImpl.invoke(NativeMethodAccessorImpl.java:62)
at sun.reflect.DelegatingMethodAccessorImpl.invoke(DelegatingMethodAccessorImpl.java:43)
at java.lang.reflect.Method.invoke(Method.java:498)
at org.codehaus.groovy.runtime.callsite.PogoMetaMethodSite$PogoCachedMethodSiteNoUnwrapNoCoerce.invoke(PogoMetaMethodSite.java:210)
at org.codehaus.groovy.runtime.callsite.PogoMetaMethodSite.callCurrent(PogoMetaMethodSite.java:59)
at org.codehaus.groovy.runtime.callsite.AbstractCallSite.callCurrent(AbstractCallSite.java:169)
at io.restassured.internal.ResponseSpecificationImpl.statusCode(ResponseSpecificationImpl.groovy:123)
at io.restassured.specification.ResponseSpecification$statusCode$0.callCurrent(Unknown Source)
at io.restassured.internal.ResponseSpecificationImpl.statusCode(ResponseSpecificationImpl.groovy:131)
at io.restassured.internal.ValidatableResponseOptionsImpl.statusCode(ValidatableResponseOptionsImpl.java:119)
at requests.SideServiceTest.when_NegativeValueIsEnteredAsID_Expect_404NotFound(SideServiceTest.java:189)
at sun.reflect.NativeMethodAccessorImpl.invoke0(Native Method)
at sun.reflect.NativeMethodAccessorImpl.invoke(NativeMethodAccessorImpl.java:62)
at sun.reflect.DelegatingMethodAccessorImpl.invoke(DelegatingMethodAccessorImpl.java:43)
at java.lang.reflect.Method.invoke(Method.java:498)
at org.testng.internal.MethodInvocationHelper.invokeMethod(MethodInvocationHelper.java:124)
at org.testng.internal.Invoker.invokeMethod(Invoker.java:583)
at org.testng.internal.Invoker.invokeTestMethod(Invoker.java:719)
at org.testng.internal.Invoker.invokeTestMethods(Invoker.java:989)
at org.testng.internal.TestMethodWorker.invokeTestMethods(TestMethodWorker.java:125)
at org.testng.internal.TestMethodWorker.run(TestMethodWorker.java:109)
at org.testng.TestRunner.privateRun(TestRunner.java:648)
at org.testng.TestRunner.run(TestRunner.java:505)
at org.testng.SuiteRunner.runTest(SuiteRunner.java:455)
at org.testng.SuiteRunner.runSequentially(SuiteRunner.java:450)
at org.testng.SuiteRunner.privateRun(SuiteRunner.java:415)
at org.testng.SuiteRunner.run(SuiteRunner.java:364)
at org.testng.SuiteRunnerWorker.runSuite(SuiteRunnerWorker.java:52)
at org.testng.SuiteRunnerWorker.run(SuiteRunnerWorker.java:84)
at org.testng.TestNG.runSuitesSequentially(TestNG.java:1208)
at org.testng.TestNG.runSuitesLocally(TestNG.java:1137)
at org.testng.TestNG.runSuites(TestNG.java:1049)
at org.testng.TestNG.run(TestNG.java:1017)
at org.apache.maven.surefire.testng.TestNGExecutor.run(TestNGExecutor.java:283)
at org.apache.maven.surefire.testng.TestNGXmlTestSuite.execute(TestNGXmlTestSuite.java:75)
at org.apache.maven.surefire.testng.TestNGProvider.invoke(TestNGProvider.java:120)
at org.apache.maven.surefire.booter.ForkedBooter.invokeProviderInSameClassLoader(ForkedBooter.java:383)
at org.apache.maven.surefire.booter.ForkedBooter.runSuitesInProcess(ForkedBooter.java:344)
at org.apache.maven.surefire.booter.ForkedBooter.execute(ForkedBooter.java:125)
at org.apache.maven.surefire.booter.ForkedBooter.main(ForkedBooter.java:417)
]]>
            </full-stacktrace>
          </exception> <!-- java.lang.AssertionError -->
          <reporter-output>
          </reporter-output>
        </test-method> <!-- when_NegativeValueIsEnteredAsID_Expect_404NotFound -->
        <test-method status="PASS" signature="beforeMethod()[pri:0, instance:requests.SideServiceTest@614c5515]" name="beforeMethod" is-config="true" duration-ms="0" started-at="2019-02-12T10:58:33Z" finished-at="2019-02-12T10:58:33Z">
          <reporter-output>
          </reporter-output>
        </test-method> <!-- beforeMethod -->
        <test-method status="PASS" signature="beforeMethod()[pri:0, instance:requests.SideServiceTest@614c5515]" name="beforeMethod" is-config="true" duration-ms="1" started-at="2019-02-12T10:58:33Z" finished-at="2019-02-12T10:58:33Z">
          <reporter-output>
          </reporter-output>
        </test-method> <!-- beforeMethod -->
        <test-method status="FAIL" signature="when_OnlyWhiteSpacesIsEnteredAsID_Expect_404NotFound()[pri:0, instance:requests.SideServiceTest@614c5515]" name="when_OnlyWhiteSpacesIsEnteredAsID_Expect_404NotFound" duration-ms="12" started-at="2019-02-12T10:58:33Z" finished-at="2019-02-12T10:58:33Z">
          <exception class="java.lang.AssertionError">
            <message>
              <![CDATA[1 expectation failed.
Expected status code <404> but was <200>.
]]>
            </message>
            <full-stacktrace>
              <![CDATA[java.lang.AssertionError: 1 expectation failed.
Expected status code <404> but was <200>.

at sun.reflect.NativeConstructorAccessorImpl.newInstance0(Native Method)
at sun.reflect.NativeConstructorAccessorImpl.newInstance(NativeConstructorAccessorImpl.java:62)
at sun.reflect.DelegatingConstructorAccessorImpl.newInstance(DelegatingConstructorAccessorImpl.java:45)
at java.lang.reflect.Constructor.newInstance(Constructor.java:423)
at org.codehaus.groovy.reflection.CachedConstructor.invoke(CachedConstructor.java:83)
at org.codehaus.groovy.reflection.CachedConstructor.doConstructorInvoke(CachedConstructor.java:77)
at org.codehaus.groovy.runtime.callsite.ConstructorSite$ConstructorSiteNoUnwrap.callConstructor(ConstructorSite.java:84)
at org.codehaus.groovy.runtime.callsite.AbstractCallSite.callConstructor(AbstractCallSite.java:250)
at io.restassured.internal.ResponseSpecificationImpl$HamcrestAssertionClosure.validate(ResponseSpecificationImpl.groovy:483)
at io.restassured.internal.ResponseSpecificationImpl$HamcrestAssertionClosure$validate$1.call(Unknown Source)
at io.restassured.internal.ResponseSpecificationImpl.validateResponseIfRequired(ResponseSpecificationImpl.groovy:655)
at sun.reflect.NativeMethodAccessorImpl.invoke0(Native Method)
at sun.reflect.NativeMethodAccessorImpl.invoke(NativeMethodAccessorImpl.java:62)
at sun.reflect.DelegatingMethodAccessorImpl.invoke(DelegatingMethodAccessorImpl.java:43)
at java.lang.reflect.Method.invoke(Method.java:498)
at org.codehaus.groovy.runtime.callsite.PogoMetaMethodSite$PogoCachedMethodSiteNoUnwrapNoCoerce.invoke(PogoMetaMethodSite.java:210)
at org.codehaus.groovy.runtime.callsite.PogoMetaMethodSite.callCurrent(PogoMetaMethodSite.java:59)
at org.codehaus.groovy.runtime.callsite.AbstractCallSite.callCurrent(AbstractCallSite.java:169)
at io.restassured.internal.ResponseSpecificationImpl.statusCode(ResponseSpecificationImpl.groovy:123)
at io.restassured.specification.ResponseSpecification$statusCode$0.callCurrent(Unknown Source)
at io.restassured.internal.ResponseSpecificationImpl.statusCode(ResponseSpecificationImpl.groovy:131)
at io.restassured.internal.ValidatableResponseOptionsImpl.statusCode(ValidatableResponseOptionsImpl.java:119)
at requests.SideServiceTest.when_OnlyWhiteSpacesIsEnteredAsID_Expect_404NotFound(SideServiceTest.java:168)
at sun.reflect.NativeMethodAccessorImpl.invoke0(Native Method)
at sun.reflect.NativeMethodAccessorImpl.invoke(NativeMethodAccessorImpl.java:62)
at sun.reflect.DelegatingMethodAccessorImpl.invoke(DelegatingMethodAccessorImpl.java:43)
at java.lang.reflect.Method.invoke(Method.java:498)
at org.testng.internal.MethodInvocationHelper.invokeMethod(MethodInvocationHelper.java:124)
at org.testng.internal.Invoker.invokeMethod(Invoker.java:583)
at org.testng.internal.Invoker.invokeTestMethod(Invoker.java:719)
at org.testng.internal.Invoker.invokeTestMethods(Invoker.java:989)
at org.testng.internal.TestMethodWorker.invokeTestMethods(TestMethodWorker.java:125)
at org.testng.internal.TestMethodWorker.run(TestMethodWorker.java:109)
at org.testng.TestRunner.privateRun(TestRunner.java:648)
at org.testng.TestRunner.run(TestRunner.java:505)
at org.testng.SuiteRunner.runTest(SuiteRunner.java:455)
at org.testng.SuiteRunner.runSequentially(SuiteRunner.java:450)
at org.testng.SuiteRunner.privateRun(SuiteRunner.java:415)
at org.testng.SuiteRunner.run(SuiteRunner.java:364)
at org.testng.SuiteRunnerWorker.runSuite(SuiteRunnerWorker.java:52)
at org.testng.SuiteRunnerWorker.run(SuiteRunnerWorker.java:84)
at org.testng.TestNG.runSuitesSequentially(TestNG.java:1208)
at org.testng.TestNG.runSuitesLocally(TestNG.java:1137)
at org.testng.TestNG.runSuites(TestNG.java:1049)
at org.testng.TestNG.run(TestNG.java:1017)
at org.apache.maven.surefire.testng.TestNGExecutor.run(TestNGExecutor.java:283)
at org.apache.maven.surefire.testng.TestNGXmlTestSuite.execute(TestNGXmlTestSuite.java:75)
at org.apache.maven.surefire.testng.TestNGProvider.invoke(TestNGProvider.java:120)
at org.apache.maven.surefire.booter.ForkedBooter.invokeProviderInSameClassLoader(ForkedBooter.java:383)
at org.apache.maven.surefire.booter.ForkedBooter.runSuitesInProcess(ForkedBooter.java:344)
at org.apache.maven.surefire.booter.ForkedBooter.execute(ForkedBooter.java:125)
at org.apache.maven.surefire.booter.ForkedBooter.main(ForkedBooter.java:417)
]]>
            </full-stacktrace>
          </exception> <!-- java.lang.AssertionError -->
          <reporter-output>
          </reporter-output>
        </test-method> <!-- when_OnlyWhiteSpacesIsEnteredAsID_Expect_404NotFound -->
        <test-method status="PASS" signature="beforeMethod()[pri:0, instance:requests.SideServiceTest@614c5515]" name="beforeMethod" is-config="true" duration-ms="1" started-at="2019-02-12T10:58:33Z" finished-at="2019-02-12T10:58:33Z">
          <reporter-output>
          </reporter-output>
        </test-method> <!-- beforeMethod -->
        <test-method status="PASS" signature="when_OnlyWhiteSpacesIsEnteredAsSide_Expect_SideNameNotSupportedException()[pri:0, instance:requests.SideServiceTest@614c5515]" name="when_OnlyWhiteSpacesIsEnteredAsSide_Expect_SideNameNotSupportedException" duration-ms="14" started-at="2019-02-12T10:58:33Z" finished-at="2019-02-12T10:58:33Z">
          <reporter-output>
          </reporter-output>
        </test-method> <!-- when_OnlyWhiteSpacesIsEnteredAsSide_Expect_SideNameNotSupportedException -->
        <test-method status="PASS" signature="beforeMethod()[pri:0, instance:requests.SideServiceTest@614c5515]" name="beforeMethod" is-config="true" duration-ms="0" started-at="2019-02-12T10:58:33Z" finished-at="2019-02-12T10:58:33Z">
          <reporter-output>
          </reporter-output>
        </test-method> <!-- beforeMethod -->
        <test-method status="PASS" signature="when_SameSideRequestsAreMadeWithSameID_Expect_UpdatedData()[pri:0, instance:requests.SideServiceTest@614c5515]" name="when_SameSideRequestsAreMadeWithSameID_Expect_UpdatedData" duration-ms="32" started-at="2019-02-12T10:58:33Z" finished-at="2019-02-12T10:58:33Z">
          <reporter-output>
          </reporter-output>
        </test-method> <!-- when_SameSideRequestsAreMadeWithSameID_Expect_UpdatedData -->
        <test-method status="PASS" signature="when_SideRequestContentTypeIsHTML_Expect_415UnsupportedMediaType()[pri:0, instance:requests.SideServiceTest@614c5515]" name="when_SideRequestContentTypeIsHTML_Expect_415UnsupportedMediaType" duration-ms="15" started-at="2019-02-12T10:58:33Z" finished-at="2019-02-12T10:58:33Z">
          <reporter-output>
          </reporter-output>
        </test-method> <!-- when_SideRequestContentTypeIsHTML_Expect_415UnsupportedMediaType -->
        <test-method status="PASS" signature="beforeMethod()[pri:0, instance:requests.SideServiceTest@614c5515]" name="beforeMethod" is-config="true" duration-ms="0" started-at="2019-02-12T10:58:33Z" finished-at="2019-02-12T10:58:33Z">
          <reporter-output>
          </reporter-output>
        </test-method> <!-- beforeMethod -->
        <test-method status="PASS" signature="beforeMethod()[pri:0, instance:requests.SideServiceTest@614c5515]" name="beforeMethod" is-config="true" duration-ms="1" started-at="2019-02-12T10:58:33Z" finished-at="2019-02-12T10:58:33Z">
          <reporter-output>
          </reporter-output>
        </test-method> <!-- beforeMethod -->
        <test-method status="PASS" signature="when_SideRequestContentTypeIsText_Expect_415UnsupportedMediaType()[pri:0, instance:requests.SideServiceTest@614c5515]" name="when_SideRequestContentTypeIsText_Expect_415UnsupportedMediaType" duration-ms="23" started-at="2019-02-12T10:58:33Z" finished-at="2019-02-12T10:58:33Z">
          <reporter-output>
          </reporter-output>
        </test-method> <!-- when_SideRequestContentTypeIsText_Expect_415UnsupportedMediaType -->
        <test-method status="PASS" signature="beforeMethod()[pri:0, instance:requests.SideServiceTest@614c5515]" name="beforeMethod" is-config="true" duration-ms="1" started-at="2019-02-12T10:58:33Z" finished-at="2019-02-12T10:58:33Z">
          <reporter-output>
          </reporter-output>
        </test-method> <!-- beforeMethod -->
        <test-method status="PASS" signature="when_SideRequestContentTypeIsXml_Expect_415UnsupportedMediaType()[pri:0, instance:requests.SideServiceTest@614c5515]" name="when_SideRequestContentTypeIsXml_Expect_415UnsupportedMediaType" duration-ms="11" started-at="2019-02-12T10:58:33Z" finished-at="2019-02-12T10:58:33Z">
          <reporter-output>
          </reporter-output>
        </test-method> <!-- when_SideRequestContentTypeIsXml_Expect_415UnsupportedMediaType -->
        <test-method status="PASS" signature="beforeMethod()[pri:0, instance:requests.SideServiceTest@614c5515]" name="beforeMethod" is-config="true" duration-ms="0" started-at="2019-02-12T10:58:33Z" finished-at="2019-02-12T10:58:33Z">
          <reporter-output>
          </reporter-output>
        </test-method> <!-- beforeMethod -->
        <test-method status="PASS" signature="when_SideRequestHasNoContentType_Expect_415UnsupportedMediaType()[pri:0, instance:requests.SideServiceTest@614c5515]" name="when_SideRequestHasNoContentType_Expect_415UnsupportedMediaType" duration-ms="12" started-at="2019-02-12T10:58:33Z" finished-at="2019-02-12T10:58:33Z">
          <reporter-output>
          </reporter-output>
        </test-method> <!-- when_SideRequestHasNoContentType_Expect_415UnsupportedMediaType -->
        <test-method status="PASS" signature="beforeMethod()[pri:0, instance:requests.SideServiceTest@614c5515]" name="beforeMethod" is-config="true" duration-ms="1" started-at="2019-02-12T10:58:33Z" finished-at="2019-02-12T10:58:33Z">
          <reporter-output>
          </reporter-output>
        </test-method> <!-- beforeMethod -->
        <test-method status="PASS" signature="when_SideRequestMethodIsPUT_Expect_405MethodNotAllowed()[pri:0, instance:requests.SideServiceTest@614c5515]" name="when_SideRequestMethodIsPUT_Expect_405MethodNotAllowed" duration-ms="19" started-at="2019-02-12T10:58:33Z" finished-at="2019-02-12T10:58:33Z">
          <reporter-output>
          </reporter-output>
        </test-method> <!-- when_SideRequestMethodIsPUT_Expect_405MethodNotAllowed -->
        <test-method status="PASS" signature="beforeMethod()[pri:0, instance:requests.SideServiceTest@614c5515]" name="beforeMethod" is-config="true" duration-ms="0" started-at="2019-02-12T10:58:33Z" finished-at="2019-02-12T10:58:33Z">
          <reporter-output>
          </reporter-output>
        </test-method> <!-- beforeMethod -->
        <test-method status="PASS" signature="when_UpIsEnteredAsSide_Expect_SideNameNotSupportedException()[pri:0, instance:requests.SideServiceTest@614c5515]" name="when_UpIsEnteredAsSide_Expect_SideNameNotSupportedException" duration-ms="14" started-at="2019-02-12T10:58:33Z" finished-at="2019-02-12T10:58:33Z">
          <reporter-output>
          </reporter-output>
        </test-method> <!-- when_UpIsEnteredAsSide_Expect_SideNameNotSupportedException -->
        <test-method status="PASS" signature="when_ValidLeftSideRequestIsMade_Expect_AcceptedLeftSideBase64Data()[pri:0, instance:requests.SideServiceTest@614c5515]" name="when_ValidLeftSideRequestIsMade_Expect_AcceptedLeftSideBase64Data" duration-ms="15" started-at="2019-02-12T10:58:33Z" finished-at="2019-02-12T10:58:33Z">
          <reporter-output>
          </reporter-output>
        </test-method> <!-- when_ValidLeftSideRequestIsMade_Expect_AcceptedLeftSideBase64Data -->
        <test-method status="PASS" signature="beforeMethod()[pri:0, instance:requests.SideServiceTest@614c5515]" name="beforeMethod" is-config="true" duration-ms="0" started-at="2019-02-12T10:58:33Z" finished-at="2019-02-12T10:58:33Z">
          <reporter-output>
          </reporter-output>
        </test-method> <!-- beforeMethod -->
        <test-method status="PASS" signature="when_ValidRightSideRequestIsMade_Expect_AcceptedRightSideBase64Data()[pri:0, instance:requests.SideServiceTest@614c5515]" name="when_ValidRightSideRequestIsMade_Expect_AcceptedRightSideBase64Data" duration-ms="14" started-at="2019-02-12T10:58:33Z" finished-at="2019-02-12T10:58:33Z">
          <reporter-output>
          </reporter-output>
        </test-method> <!-- when_ValidRightSideRequestIsMade_Expect_AcceptedRightSideBase64Data -->
        <test-method status="PASS" signature="beforeMethod()[pri:0, instance:requests.SideServiceTest@614c5515]" name="beforeMethod" is-config="true" duration-ms="0" started-at="2019-02-12T10:58:33Z" finished-at="2019-02-12T10:58:33Z">
          <reporter-output>
          </reporter-output>
        </test-method> <!-- beforeMethod -->
      </class> <!-- requests.SideServiceTest -->
    </test> <!-- Differ Regression Tests -->
  </suite> <!-- Differ Regression Test Suite -->
</testng-results>
