<?xml version="1.0" encoding="UTF-8"?>
<testsuite xmlns:xsi="http://www.w3.org/2001/XMLSchema-instance" xsi:noNamespaceSchemaLocation="https://maven.apache.org/surefire/maven-surefire-plugin/xsd/surefire-test-report.xsd" name="TestSuite" time="1.583" tests="38" errors="0" skipped="37" failures="1">
  <properties>
[...]
</properties>
  <testcase name="setBaseURI" classname="requests.DifferServiceTest" time="0.759">
    <failure type="java.lang.NumberFormatException:">java.lang.NumberFormatException: null
	at requests.DifferServiceTest.setBaseURI(DifferServiceTest.java:31)
</failure>
  </testcase>
  <testcase name="setBaseURI" classname="requests.DifferServiceTest" time="0">
    <skipped/>
  </testcase>
  <testcase name="when_AlphabetOnlyIsEnteredAsID_Expect_415UnsupportedMediaType" classname="requests.SideServiceTest" time="0">
    <skipped/>
  </testcase>
  <testcase name="when_AlphanumericValueIsEnteredAsID_Expect_404NotFound" classname="requests.SideServiceTest" time="0">
    <skipped/>
  </testcase>
  <testcase name="when_BodyDataIsNotBase64Encoded_Expect_DataNotBase64Exception" classname="requests.SideServiceTest" time="0">
    <skipped/>
  </testcase>
  <testcase name="when_BodyIsNotPassedInSideRequest_Expect_400BadRequest" classname="requests.SideServiceTest" time="0">
    <skipped/>
  </testcase>
  <testcase name="when_EmptyStringIsEnteredAsID_Expect_404NotFound" classname="requests.SideServiceTest" time="0">
    <skipped/>
  </testcase>
  <testcase name="when_EmptyStringIsPassedAsBody_Expect_400BadRequest" classname="requests.SideServiceTest" time="0">
    <skipped/>
  </testcase>
  <testcase name="when_EmptyStringIsPassedAsSide_Expect_SideNameNotSupportedException" classname="requests.SideServiceTest" time="0">
    <skipped/>
  </testcase>
  <testcase name="when_LeftAndRightSideRequestsAreMadeWithSameID_Expect_AcceptedDataForLeftAndRight" classname="requests.SideServiceTest" time="0">
    <skipped/>
  </testcase>
  <testcase name="when_NegativeValueIsEnteredAsID_Expect_404NotFound" classname="requests.SideServiceTest" time="0">
    <skipped/>
  </testcase>
  <testcase name="when_OnlyWhiteSpacesIsEnteredAsID_Expect_404NotFound" classname="requests.SideServiceTest" time="0">
    <skipped/>
  </testcase>
  <testcase name="when_OnlyWhiteSpacesIsEnteredAsSide_Expect_SideNameNotSupportedException" classname="requests.SideServiceTest" time="0">
    <skipped/>
  </testcase>
  <testcase name="when_SameSideRequestsAreMadeWithSameID_Expect_UpdatedData" classname="requests.SideServiceTest" time="0">
    <skipped/>
  </testcase>
  <testcase name="when_SideRequestContentTypeIsHTML_Expect_415UnsupportedMediaType" classname="requests.SideServiceTest" time="0">
    <skipped/>
  </testcase>
  <testcase name="when_SideRequestContentTypeIsText_Expect_415UnsupportedMediaType" classname="requests.SideServiceTest" time="0">
    <skipped/>
  </testcase>
  <testcase name="when_SideRequestContentTypeIsXml_Expect_415UnsupportedMediaType" classname="requests.SideServiceTest" time="0">
    <skipped/>
  </testcase>
  <testcase name="when_SideRequestHasNoContentType_Expect_415UnsupportedMediaType" classname="requests.SideServiceTest" time="0">
    <skipped/>
  </testcase>
  <testcase name="when_SideRequestMethodIsPUT_Expect_405MethodNotAllowed" classname="requests.SideServiceTest" time="0">
    <skipped/>
  </testcase>
  <testcase name="when_UpIsEnteredAsSide_Expect_SideNameNotSupportedException" classname="requests.SideServiceTest" time="0">
    <skipped/>
  </testcase>
  <testcase name="when_ValidLeftSideRequestIsMade_Expect_AcceptedLeftSideBase64Data" classname="requests.SideServiceTest" time="0">
    <skipped/>
  </testcase>
  <testcase name="when_ValidRightSideRequestIsMade_Expect_AcceptedRightSideBase64Data" classname="requests.SideServiceTest" time="0">
    <skipped/>
  </testcase>
  <testcase name="uniqueIDForEachMethod" classname="requests.DifferServiceTest" time="0">
    <skipped/>
  </testcase>
  <testcase name="uniqueIDForEachMethod" classname="requests.DifferServiceTest" time="0">
    <skipped/>
  </testcase>
  <testcase name="uniqueIDForEachMethod" classname="requests.DifferServiceTest" time="0">
    <skipped/>
  </testcase>
  <testcase name="uniqueIDForEachMethod" classname="requests.DifferServiceTest" time="0">
    <skipped/>
  </testcase>
  <testcase name="uniqueIDForEachMethod" classname="requests.DifferServiceTest" time="0">
    <skipped/>
  </testcase>
  <testcase name="uniqueIDForEachMethod" classname="requests.DifferServiceTest" time="0">
    <skipped/>
  </testcase>
  <testcase name="uniqueIDForEachMethod" classname="requests.DifferServiceTest" time="0">
    <skipped/>
  </testcase>
  <testcase name="uniqueIDForEachMethod" classname="requests.DifferServiceTest" time="0">
    <skipped/>
  </testcase>
  <testcase name="when_DiffRequestIsDelete_Expect_405MethodNotAllowed" classname="requests.DifferServiceTest" time="0">
    <skipped/>
  </testcase>
  <testcase name="when_EqualSidesAreDiffed_Expect_Equal" classname="requests.DifferServiceTest" time="0">
    <skipped/>
  </testcase>
  <testcase name="when_IDThatIsNotInitializedIsDiffed_Expect_IDNotInitialized" classname="requests.DifferServiceTest" time="0">
    <skipped/>
  </testcase>
  <testcase name="when_SidesAreDiffedAndLeftSideIsNull_Expect_DifferentLengthAndLeftHasNoValue" classname="requests.DifferServiceTest" time="0">
    <skipped/>
  </testcase>
  <testcase name="when_SidesAreDiffedAndRightSideIsNull_Expect_DifferentLengthAndRightHasNoValue" classname="requests.DifferServiceTest" time="0">
    <skipped/>
  </testcase>
  <testcase name="when_SidesOfDifferentLengthsAreDiffed_Expect_DifferentLength" classname="requests.DifferServiceTest" time="0">
    <skipped/>
  </testcase>
  <testcase name="when_SidesOfSameLengthButDifferentCharactersAreDiffed_Expect_PositionOfDifferentCharacters" classname="requests.DifferServiceTest" time="0">
    <skipped/>
  </testcase>
  <testcase name="when_SidesOfSameLengthButDifferentSuccessiveCharactersAreDiffed_Expect_RangedPositionOfDifferentCharacters" classname="requests.DifferServiceTest" time="0">
    <skipped/>
  </testcase>
</testsuite>