<?xml version="1.0" encoding="UTF-8"?>
<!-- Generated by org.testng.reporters.JUnitXMLReporter -->
<testsuite hostname="aotulana-pc" ignored="0" name="Differ Regression Tests" tests="28" failures="4" timestamp="12 Feb 2019 08:59:30 GMT" time="2.52" errors="0">
  <testcase name="when_AlphabetOnlyIsEnteredAsID_Expect_415UnsupportedMediaType" time="0.96" classname="requests.SideServiceTest"/>
  <testcase name="when_AlphanumericValueIsEnteredAsID_Expect_404NotFound" time="0.016" classname="requests.SideServiceTest"/>
  <testcase name="when_BodyDataIsNotBase64Encoded_Expect_DataNotBase64Exception" time="0.356" classname="requests.SideServiceTest"/>
  <testcase name="when_BodyIsNotPassedInSideRequest_Expect_400BadRequest" time="0.032" classname="requests.SideServiceTest"/>
  <testcase name="when_EmptyStringIsEnteredAsID_Expect_404NotFound" time="0.015" classname="requests.SideServiceTest"/>
  <testcase name="when_EmptyStringIsPassedAsBody_Expect_400BadRequest" time="0.032" classname="requests.SideServiceTest">
    <failure type="java.lang.AssertionError" message="1 expectation failed.
Expected status code &amp;lt;400&amp;gt; but was &amp;lt;200&amp;gt;.
">
      <![CDATA[java.lang.AssertionError: 1 expectation failed.
Expected status code <400> but was <200>.

at org.codehaus.groovy.runtime.callsite.ConstructorSite$ConstructorSiteNoUnwrap.callConstructor(ConstructorSite.java:84)
at org.codehaus.groovy.runtime.callsite.CallSiteArray.defaultCallConstructor(CallSiteArray.java:59)
at org.codehaus.groovy.runtime.callsite.AbstractCallSite.callConstructor(AbstractCallSite.java:238)
at org.codehaus.groovy.runtime.callsite.AbstractCallSite.callConstructor(AbstractCallSite.java:250)
at io.restassured.internal.ResponseSpecificationImpl$HamcrestAssertionClosure.validate(ResponseSpecificationImpl.groovy:483)
at io.restassured.internal.ResponseSpecificationImpl$HamcrestAssertionClosure$validate$1.call(Unknown Source)
at io.restassured.internal.ResponseSpecificationImpl.validateResponseIfRequired(ResponseSpecificationImpl.groovy:655)
at org.codehaus.groovy.runtime.callsite.PogoMetaMethodSite$PogoCachedMethodSiteNoUnwrapNoCoerce.invoke(PogoMetaMethodSite.java:210)
at org.codehaus.groovy.runtime.callsite.PogoMetaMethodSite.callCurrent(PogoMetaMethodSite.java:59)
at org.codehaus.groovy.runtime.callsite.AbstractCallSite.callCurrent(AbstractCallSite.java:169)
at io.restassured.internal.ResponseSpecificationImpl.statusCode(ResponseSpecificationImpl.groovy:123)
at io.restassured.specification.ResponseSpecification$statusCode$0.callCurrent(Unknown Source)
at io.restassured.internal.ResponseSpecificationImpl.statusCode(ResponseSpecificationImpl.groovy:131)
at io.restassured.internal.ValidatableResponseOptionsImpl.statusCode(ValidatableResponseOptionsImpl.java:119)
at requests.SideServiceTest.when_EmptyStringIsPassedAsBody_Expect_400BadRequest(SideServiceTest.java:379)
... Removed 39 stack frames]]>
    </failure>
  </testcase> <!-- when_EmptyStringIsPassedAsBody_Expect_400BadRequest -->
  <testcase name="when_EmptyStringIsPassedAsSide_Expect_SideNameNotSupportedException" time="0.015" classname="requests.SideServiceTest"/>
  <testcase name="when_LeftAndRightSideRequestsAreMadeWithSameID_Expect_AcceptedDataForLeftAndRight" time="0.078" classname="requests.SideServiceTest"/>
  <testcase name="when_NegativeValueIsEnteredAsID_Expect_404NotFound" time="0.016" classname="requests.SideServiceTest">
    <failure type="java.lang.AssertionError" message="1 expectation failed.
Expected status code &amp;lt;404&amp;gt; but was &amp;lt;200&amp;gt;.
">
      <![CDATA[java.lang.AssertionError: 1 expectation failed.
Expected status code <404> but was <200>.

at org.codehaus.groovy.runtime.callsite.ConstructorSite$ConstructorSiteNoUnwrap.callConstructor(ConstructorSite.java:84)
at org.codehaus.groovy.runtime.callsite.AbstractCallSite.callConstructor(AbstractCallSite.java:250)
at io.restassured.internal.ResponseSpecificationImpl$HamcrestAssertionClosure.validate(ResponseSpecificationImpl.groovy:483)
at io.restassured.internal.ResponseSpecificationImpl$HamcrestAssertionClosure$validate$1.call(Unknown Source)
at io.restassured.internal.ResponseSpecificationImpl.validateResponseIfRequired(ResponseSpecificationImpl.groovy:655)
at org.codehaus.groovy.runtime.callsite.PogoMetaMethodSite$PogoCachedMethodSiteNoUnwrapNoCoerce.invoke(PogoMetaMethodSite.java:210)
at org.codehaus.groovy.runtime.callsite.PogoMetaMethodSite.callCurrent(PogoMetaMethodSite.java:59)
at org.codehaus.groovy.runtime.callsite.AbstractCallSite.callCurrent(AbstractCallSite.java:169)
at io.restassured.internal.ResponseSpecificationImpl.statusCode(ResponseSpecificationImpl.groovy:123)
at io.restassured.specification.ResponseSpecification$statusCode$0.callCurrent(Unknown Source)
at io.restassured.internal.ResponseSpecificationImpl.statusCode(ResponseSpecificationImpl.groovy:131)
at io.restassured.internal.ValidatableResponseOptionsImpl.statusCode(ValidatableResponseOptionsImpl.java:119)
at requests.SideServiceTest.when_NegativeValueIsEnteredAsID_Expect_404NotFound(SideServiceTest.java:202)
... Removed 39 stack frames]]>
    </failure>
  </testcase> <!-- when_NegativeValueIsEnteredAsID_Expect_404NotFound -->
  <testcase name="when_OnlyWhiteSpacesIsEnteredAsID_Expect_404NotFound" time="0.047" classname="requests.SideServiceTest">
    <failure type="java.lang.AssertionError" message="1 expectation failed.
Expected status code &amp;lt;404&amp;gt; but was &amp;lt;200&amp;gt;.
">
      <![CDATA[java.lang.AssertionError: 1 expectation failed.
Expected status code <404> but was <200>.

at org.codehaus.groovy.runtime.callsite.ConstructorSite$ConstructorSiteNoUnwrap.callConstructor(ConstructorSite.java:84)
at org.codehaus.groovy.runtime.callsite.AbstractCallSite.callConstructor(AbstractCallSite.java:250)
at io.restassured.internal.ResponseSpecificationImpl$HamcrestAssertionClosure.validate(ResponseSpecificationImpl.groovy:483)
at io.restassured.internal.ResponseSpecificationImpl$HamcrestAssertionClosure$validate$1.call(Unknown Source)
at io.restassured.internal.ResponseSpecificationImpl.validateResponseIfRequired(ResponseSpecificationImpl.groovy:655)
at org.codehaus.groovy.runtime.callsite.PogoMetaMethodSite$PogoCachedMethodSiteNoUnwrapNoCoerce.invoke(PogoMetaMethodSite.java:210)
at org.codehaus.groovy.runtime.callsite.PogoMetaMethodSite.callCurrent(PogoMetaMethodSite.java:59)
at org.codehaus.groovy.runtime.callsite.AbstractCallSite.callCurrent(AbstractCallSite.java:169)
at io.restassured.internal.ResponseSpecificationImpl.statusCode(ResponseSpecificationImpl.groovy:123)
at io.restassured.specification.ResponseSpecification$statusCode$0.callCurrent(Unknown Source)
at io.restassured.internal.ResponseSpecificationImpl.statusCode(ResponseSpecificationImpl.groovy:131)
at io.restassured.internal.ValidatableResponseOptionsImpl.statusCode(ValidatableResponseOptionsImpl.java:119)
at requests.SideServiceTest.when_OnlyWhiteSpacesIsEnteredAsID_Expect_404NotFound(SideServiceTest.java:181)
... Removed 39 stack frames]]>
    </failure>
  </testcase> <!-- when_OnlyWhiteSpacesIsEnteredAsID_Expect_404NotFound -->
  <testcase name="when_OnlyWhiteSpacesIsEnteredAsSide_Expect_SideNameNotSupportedException" time="0.015" classname="requests.SideServiceTest"/>
  <testcase name="when_SameSideRequestsAreMadeWithSameID_Expect_UpdatedData" time="0.032" classname="requests.SideServiceTest"/>
  <testcase name="when_SideRequestContentTypeIsHTML_Expect_415UnsupportedMediaType" time="0.015" classname="requests.SideServiceTest"/>
  <testcase name="when_SideRequestContentTypeIsText_Expect_415UnsupportedMediaType" time="0.031" classname="requests.SideServiceTest"/>
  <testcase name="when_SideRequestContentTypeIsXml_Expect_415UnsupportedMediaType" time="0.016" classname="requests.SideServiceTest"/>
  <testcase name="when_SideRequestHasNoContentType_Expect_415UnsupportedMediaType" time="0.016" classname="requests.SideServiceTest"/>
  <testcase name="when_SideRequestMethodIsPUT_Expect_405MethodNotAllowed" time="0.031" classname="requests.SideServiceTest"/>
  <testcase name="when_UpIsEnteredAsSide_Expect_SideNameNotSupportedException" time="0.016" classname="requests.SideServiceTest"/>
  <testcase name="when_ValidLeftSideRequestIsMade_Expect_AcceptedLeftSideBase64Data" time="0.015" classname="requests.SideServiceTest"/>
  <testcase name="when_ValidRightSideRequestIsMade_Expect_AcceptedRightSideBase64Data" time="0.016" classname="requests.SideServiceTest"/>
  <testcase name="when_DiffRequestIsDelete_Expect_405MethodNotAllowed" time="0.062" classname="requests.DifferServiceTest"/>
  <testcase name="when_EqualSidesAreDiffed_Expect_Equal" time="0.031" classname="requests.DifferServiceTest"/>
  <testcase name="when_IDThatIsNotInitializedIsDiffed_Expect_IDNotInitialized" time="0.031" classname="requests.DifferServiceTest"/>
  <testcase name="when_SidesAreDiffedAndLeftSideIsNull_Expect_DifferentLengthAndLeftHasNoValue" time="0.032" classname="requests.DifferServiceTest"/>
  <testcase name="when_SidesAreDiffedAndRightSideIsNull_Expect_DifferentLengthAndRightHasNoValue" time="0.015" classname="requests.DifferServiceTest">
    <failure type="java.lang.IllegalStateException" message="Cannot parse content to class responseModels.UnequalDiffSuccessResponse because no content-type was present in the response and no default parser has been set.
You can specify a default parser using e.g.:
RestAssured.defaultParser = Parser.JSON;

or you can specify an explicit ObjectMapper using as(class responseModels.UnequalDiffSuccessResponse, &amp;lt;ObjectMapper&amp;gt;);">
      <![CDATA[java.lang.IllegalStateException: Cannot parse content to class responseModels.UnequalDiffSuccessResponse because no content-type was present in the response and no default parser has been set.
You can specify a default parser using e.g.:
RestAssured.defaultParser = Parser.JSON;

or you can specify an explicit ObjectMapper using as(class responseModels.UnequalDiffSuccessResponse, <ObjectMapper>);
at org.codehaus.groovy.runtime.callsite.ConstructorSite$ConstructorSiteNoUnwrap.callConstructor(ConstructorSite.java:84)
at org.codehaus.groovy.runtime.callsite.CallSiteArray.defaultCallConstructor(CallSiteArray.java:59)
at org.codehaus.groovy.runtime.callsite.AbstractCallSite.callConstructor(AbstractCallSite.java:238)
at org.codehaus.groovy.runtime.callsite.AbstractCallSite.callConstructor(AbstractCallSite.java:250)
at io.restassured.internal.RestAssuredResponseOptionsGroovyImpl$_as_closure3.doCall(RestAssuredResponseOptionsGroovyImpl.groovy:220)
at io.restassured.internal.RestAssuredResponseOptionsGroovyImpl$_as_closure3.doCall(RestAssuredResponseOptionsGroovyImpl.groovy)
at groovy.lang.MetaMethod.doMethodInvoke(MetaMethod.java:325)
at org.codehaus.groovy.runtime.metaclass.ClosureMetaClass.invokeMethod(ClosureMetaClass.java:264)
at groovy.lang.MetaClassImpl.invokeMethod(MetaClassImpl.java:1034)
at org.codehaus.groovy.runtime.callsite.PogoMetaClassSite.call(PogoMetaClassSite.java:41)
at org.codehaus.groovy.runtime.callsite.CallSiteArray.defaultCall(CallSiteArray.java:47)
at org.codehaus.groovy.runtime.callsite.AbstractCallSite.call(AbstractCallSite.java:116)
at org.codehaus.groovy.runtime.callsite.AbstractCallSite.call(AbstractCallSite.java:120)
at io.restassured.internal.RestAssuredResponseOptionsGroovyImpl.findContentType(RestAssuredResponseOptionsGroovyImpl.groovy:483)
at org.codehaus.groovy.runtime.callsite.PogoMetaMethodSite$PogoCachedMethodSiteNoUnwrapNoCoerce.invoke(PogoMetaMethodSite.java:210)
at org.codehaus.groovy.runtime.callsite.PogoMetaMethodSite.callCurrent(PogoMetaMethodSite.java:59)
at org.codehaus.groovy.runtime.callsite.AbstractCallSite.callCurrent(AbstractCallSite.java:169)
at io.restassured.internal.RestAssuredResponseOptionsGroovyImpl.as(RestAssuredResponseOptionsGroovyImpl.groovy:219)
at io.restassured.internal.RestAssuredResponseOptionsImpl.as(RestAssuredResponseOptionsImpl.java:165)
at requests.DifferServiceTest.when_SidesAreDiffedAndRightSideIsNull_Expect_DifferentLengthAndRightHasNoValue(DifferServiceTest.java:99)
... Removed 44 stack frames]]>
    </failure>
  </testcase> <!-- when_SidesAreDiffedAndRightSideIsNull_Expect_DifferentLengthAndRightHasNoValue -->
  <testcase name="when_SidesOfDifferentLengthsAreDiffed_Expect_DifferentLength" time="0.032" classname="requests.DifferServiceTest"/>
  <testcase name="when_SidesOfSameLengthButDifferentCharactersAreDiffed_Expect_PositionOfDifferentCharacters" time="0.031" classname="requests.DifferServiceTest"/>
  <testcase name="when_SidesOfSameLengthButDifferentSuccessiveCharactersAreDiffed_Expect_RangedPositionOfDifferentCharacters" time="0.047" classname="requests.DifferServiceTest"/>
</testsuite> <!-- Differ Regression Tests -->
